{"C:\\Users\\Kaveesha\\Desktop\\PearlReserve\\Resturent 2\\backend\\server.js": {"path":"C:\\Users\\Kaveesha\\Desktop\\PearlReserve\\Resturent 2\\backend\\server.js","statementMap":{"0":{"start":{"line":1,"column":14},"end":{"line":1,"column":32}},"1":{"start":{"line":2,"column":11},"end":{"line":2,"column":26}},"2":{"start":{"line":3,"column":19},"end":{"line":3,"column":43}},"3":{"start":{"line":4,"column":13},"end":{"line":4,"column":30}},"4":{"start":{"line":5,"column":0},"end":{"line":5,"column":27}},"5":{"start":{"line":6,"column":11},"end":{"line":6,"column":26}},"6":{"start":{"line":7,"column":18},"end":{"line":7,"column":43}},"7":{"start":{"line":8,"column":17},"end":{"line":8,"column":41}},"8":{"start":{"line":9,"column":23},"end":{"line":9,"column":53}},"9":{"start":{"line":10,"column":20},"end":{"line":10,"column":47}},"10":{"start":{"line":11,"column":21},"end":{"line":11,"column":49}},"11":{"start":{"line":12,"column":18},"end":{"line":12,"column":43}},"12":{"start":{"line":13,"column":20},"end":{"line":13,"column":47}},"13":{"start":{"line":14,"column":25},"end":{"line":14,"column":57}},"14":{"start":{"line":15,"column":28},"end":{"line":15,"column":63}},"15":{"start":{"line":16,"column":27},"end":{"line":16,"column":61}},"16":{"start":{"line":17,"column":19},"end":{"line":17,"column":45}},"17":{"start":{"line":18,"column":18},"end":{"line":18,"column":49}},"18":{"start":{"line":19,"column":18},"end":{"line":19,"column":43}},"19":{"start":{"line":20,"column":20},"end":{"line":20,"column":47}},"20":{"start":{"line":21,"column":10},"end":{"line":21,"column":19}},"21":{"start":{"line":22,"column":25},"end":{"line":22,"column":58}},"22":{"start":{"line":23,"column":0},"end":{"line":23,"column":28}},"23":{"start":{"line":24,"column":36},"end":{"line":24,"column":59}},"24":{"start":{"line":27,"column":0},"end":{"line":27,"column":26}},"25":{"start":{"line":30,"column":0},"end":{"line":30,"column":23}},"26":{"start":{"line":31,"column":0},"end":{"line":31,"column":24}},"27":{"start":{"line":32,"column":0},"end":{"line":32,"column":49}},"28":{"start":{"line":33,"column":0},"end":{"line":33,"column":24}},"29":{"start":{"line":34,"column":0},"end":{"line":34,"column":56}},"30":{"start":{"line":35,"column":0},"end":{"line":35,"column":16}},"31":{"start":{"line":36,"column":0},"end":{"line":36,"column":37}},"32":{"start":{"line":39,"column":0},"end":{"line":39,"column":54}},"33":{"start":{"line":42,"column":0},"end":{"line":42,"column":26}},"34":{"start":{"line":43,"column":0},"end":{"line":43,"column":29}},"35":{"start":{"line":44,"column":0},"end":{"line":44,"column":41}},"36":{"start":{"line":45,"column":0},"end":{"line":45,"column":35}},"37":{"start":{"line":46,"column":0},"end":{"line":46,"column":39}},"38":{"start":{"line":47,"column":0},"end":{"line":47,"column":32}},"39":{"start":{"line":48,"column":0},"end":{"line":48,"column":36}},"40":{"start":{"line":49,"column":0},"end":{"line":49,"column":45}},"41":{"start":{"line":50,"column":0},"end":{"line":50,"column":51}},"42":{"start":{"line":51,"column":0},"end":{"line":51,"column":49}},"43":{"start":{"line":52,"column":0},"end":{"line":52,"column":27}},"44":{"start":{"line":53,"column":0},"end":{"line":53,"column":29}},"45":{"start":{"line":54,"column":0},"end":{"line":54,"column":31}},"46":{"start":{"line":55,"column":0},"end":{"line":55,"column":35}},"47":{"start":{"line":58,"column":0},"end":{"line":60,"column":3}},"48":{"start":{"line":59,"column":2},"end":{"line":59,"column":36}},"49":{"start":{"line":63,"column":0},"end":{"line":67,"column":3}},"50":{"start":{"line":64,"column":2},"end":{"line":64,"column":35}},"51":{"start":{"line":65,"column":2},"end":{"line":65,"column":69}},"52":{"start":{"line":66,"column":2},"end":{"line":66,"column":32}},"53":{"start":{"line":69,"column":0},"end":{"line":69,"column":21}}},"fnMap":{"0":{"name":"(anonymous_0)","decl":{"start":{"line":58,"column":8},"end":{"line":58,"column":9}},"loc":{"start":{"line":58,"column":28},"end":{"line":60,"column":1}},"line":58},"1":{"name":"(anonymous_1)","decl":{"start":{"line":63,"column":8},"end":{"line":63,"column":9}},"loc":{"start":{"line":63,"column":39},"end":{"line":67,"column":1}},"line":63}},"branchMap":{"0":{"loc":{"start":{"line":65,"column":21},"end":{"line":65,"column":68}},"type":"cond-expr","locations":[{"start":{"line":65,"column":60},"end":{"line":65,"column":63}},{"start":{"line":65,"column":66},"end":{"line":65,"column":68}}],"line":65},"1":{"loc":{"start":{"line":66,"column":13},"end":{"line":66,"column":30}},"type":"binary-expr","locations":[{"start":{"line":66,"column":13},"end":{"line":66,"column":23}},{"start":{"line":66,"column":27},"end":{"line":66,"column":30}}],"line":66}},"s":{"0":1,"1":1,"2":1,"3":1,"4":1,"5":1,"6":1,"7":1,"8":1,"9":1,"10":1,"11":1,"12":1,"13":1,"14":1,"15":1,"16":1,"17":1,"18":1,"19":1,"20":1,"21":1,"22":1,"23":1,"24":1,"25":1,"26":1,"27":1,"28":1,"29":1,"30":1,"31":1,"32":1,"33":1,"34":1,"35":1,"36":1,"37":1,"38":1,"39":1,"40":1,"41":1,"42":1,"43":1,"44":1,"45":1,"46":1,"47":1,"48":0,"49":1,"50":0,"51":0,"52":0,"53":1},"f":{"0":0,"1":0},"b":{"0":[0,0],"1":[0,0]},"_coverageSchema":"1a1c01bbd47fc00a2c39e90264f33305004495a9","hash":"dc0bb7f94af85f2e43707e6a10cedc3b9e4ebd3d"}
,"C:\\Users\\Kaveesha\\Desktop\\PearlReserve\\Resturent 2\\backend\\controllers\\activity.js": {"path":"C:\\Users\\Kaveesha\\Desktop\\PearlReserve\\Resturent 2\\backend\\controllers\\activity.js","statementMap":{"0":{"start":{"line":1,"column":22},"end":{"line":1,"column":51}},"1":{"start":{"line":3,"column":0},"end":{"line":11,"column":2}},"2":{"start":{"line":17,"column":2},"end":{"line":23,"column":3}},"3":{"start":{"line":18,"column":23},"end":{"line":18,"column":51}},"4":{"start":{"line":19,"column":4},"end":{"line":19,"column":25}},"5":{"start":{"line":21,"column":4},"end":{"line":21,"column":23}},"6":{"start":{"line":22,"column":4},"end":{"line":22,"column":52}},"7":{"start":{"line":30,"column":2},"end":{"line":36,"column":3}},"8":{"start":{"line":31,"column":23},"end":{"line":31,"column":71}},"9":{"start":{"line":32,"column":4},"end":{"line":32,"column":25}},"10":{"start":{"line":34,"column":4},"end":{"line":34,"column":23}},"11":{"start":{"line":35,"column":4},"end":{"line":35,"column":52}},"12":{"start":{"line":43,"column":2},"end":{"line":49,"column":3}},"13":{"start":{"line":44,"column":23},"end":{"line":44,"column":82}},"14":{"start":{"line":45,"column":4},"end":{"line":45,"column":25}},"15":{"start":{"line":47,"column":4},"end":{"line":47,"column":23}},"16":{"start":{"line":48,"column":4},"end":{"line":48,"column":52}},"17":{"start":{"line":56,"column":2},"end":{"line":67,"column":3}},"18":{"start":{"line":57,"column":21},"end":{"line":57,"column":71}},"19":{"start":{"line":59,"column":4},"end":{"line":61,"column":5}},"20":{"start":{"line":60,"column":6},"end":{"line":60,"column":70}},"21":{"start":{"line":63,"column":4},"end":{"line":63,"column":23}},"22":{"start":{"line":65,"column":4},"end":{"line":65,"column":23}},"23":{"start":{"line":66,"column":4},"end":{"line":66,"column":52}},"24":{"start":{"line":74,"column":2},"end":{"line":88,"column":3}},"25":{"start":{"line":75,"column":4},"end":{"line":75,"column":58}},"26":{"start":{"line":76,"column":4},"end":{"line":76,"column":41}},"27":{"start":{"line":79,"column":21},"end":{"line":82,"column":6}},"28":{"start":{"line":84,"column":4},"end":{"line":84,"column":35}},"29":{"start":{"line":86,"column":4},"end":{"line":86,"column":51}},"30":{"start":{"line":87,"column":4},"end":{"line":87,"column":52}},"31":{"start":{"line":95,"column":2},"end":{"line":114,"column":3}},"32":{"start":{"line":97,"column":21},"end":{"line":97,"column":71}},"33":{"start":{"line":99,"column":4},"end":{"line":101,"column":5}},"34":{"start":{"line":100,"column":6},"end":{"line":100,"column":70}},"35":{"start":{"line":104,"column":4},"end":{"line":106,"column":5}},"36":{"start":{"line":105,"column":6},"end":{"line":105,"column":64}},"37":{"start":{"line":109,"column":28},"end":{"line":109,"column":87}},"38":{"start":{"line":110,"column":4},"end":{"line":110,"column":30}},"39":{"start":{"line":112,"column":4},"end":{"line":112,"column":23}},"40":{"start":{"line":113,"column":4},"end":{"line":113,"column":52}},"41":{"start":{"line":121,"column":2},"end":{"line":140,"column":3}},"42":{"start":{"line":123,"column":21},"end":{"line":123,"column":71}},"43":{"start":{"line":125,"column":4},"end":{"line":127,"column":5}},"44":{"start":{"line":126,"column":6},"end":{"line":126,"column":70}},"45":{"start":{"line":130,"column":4},"end":{"line":132,"column":5}},"46":{"start":{"line":131,"column":6},"end":{"line":131,"column":64}},"47":{"start":{"line":135,"column":4},"end":{"line":135,"column":54}},"48":{"start":{"line":136,"column":4},"end":{"line":136,"column":46}},"49":{"start":{"line":138,"column":4},"end":{"line":138,"column":23}},"50":{"start":{"line":139,"column":4},"end":{"line":139,"column":52}}},"fnMap":{"0":{"name":"getAll","decl":{"start":{"line":16,"column":15},"end":{"line":16,"column":21}},"loc":{"start":{"line":16,"column":32},"end":{"line":24,"column":1}},"line":16},"1":{"name":"getAllByOwnerId","decl":{"start":{"line":29,"column":15},"end":{"line":29,"column":30}},"loc":{"start":{"line":29,"column":41},"end":{"line":37,"column":1}},"line":29},"2":{"name":"getAllByRestaurantId","decl":{"start":{"line":42,"column":15},"end":{"line":42,"column":35}},"loc":{"start":{"line":42,"column":46},"end":{"line":50,"column":1}},"line":42},"3":{"name":"getOneById","decl":{"start":{"line":55,"column":15},"end":{"line":55,"column":25}},"loc":{"start":{"line":55,"column":36},"end":{"line":68,"column":1}},"line":55},"4":{"name":"createActivity","decl":{"start":{"line":73,"column":15},"end":{"line":73,"column":29}},"loc":{"start":{"line":73,"column":40},"end":{"line":89,"column":1}},"line":73},"5":{"name":"updateActivity","decl":{"start":{"line":94,"column":15},"end":{"line":94,"column":29}},"loc":{"start":{"line":94,"column":40},"end":{"line":115,"column":1}},"line":94},"6":{"name":"deleteActivity","decl":{"start":{"line":120,"column":15},"end":{"line":120,"column":29}},"loc":{"start":{"line":120,"column":40},"end":{"line":141,"column":1}},"line":120}},"branchMap":{"0":{"loc":{"start":{"line":59,"column":4},"end":{"line":61,"column":5}},"type":"if","locations":[{"start":{"line":59,"column":4},"end":{"line":61,"column":5}},{"start":{},"end":{}}],"line":59},"1":{"loc":{"start":{"line":99,"column":4},"end":{"line":101,"column":5}},"type":"if","locations":[{"start":{"line":99,"column":4},"end":{"line":101,"column":5}},{"start":{},"end":{}}],"line":99},"2":{"loc":{"start":{"line":104,"column":4},"end":{"line":106,"column":5}},"type":"if","locations":[{"start":{"line":104,"column":4},"end":{"line":106,"column":5}},{"start":{},"end":{}}],"line":104},"3":{"loc":{"start":{"line":125,"column":4},"end":{"line":127,"column":5}},"type":"if","locations":[{"start":{"line":125,"column":4},"end":{"line":127,"column":5}},{"start":{},"end":{}}],"line":125},"4":{"loc":{"start":{"line":130,"column":4},"end":{"line":132,"column":5}},"type":"if","locations":[{"start":{"line":130,"column":4},"end":{"line":132,"column":5}},{"start":{},"end":{}}],"line":130}},"s":{"0":1,"1":1,"2":0,"3":0,"4":0,"5":0,"6":0,"7":0,"8":0,"9":0,"10":0,"11":0,"12":0,"13":0,"14":0,"15":0,"16":0,"17":0,"18":0,"19":0,"20":0,"21":0,"22":0,"23":0,"24":0,"25":0,"26":0,"27":0,"28":0,"29":0,"30":0,"31":0,"32":0,"33":0,"34":0,"35":0,"36":0,"37":0,"38":0,"39":0,"40":0,"41":0,"42":0,"43":0,"44":0,"45":0,"46":0,"47":0,"48":0,"49":0,"50":0},"f":{"0":0,"1":0,"2":0,"3":0,"4":0,"5":0,"6":0},"b":{"0":[0,0],"1":[0,0],"2":[0,0],"3":[0,0],"4":[0,0]},"_coverageSchema":"1a1c01bbd47fc00a2c39e90264f33305004495a9","hash":"969399596df91e94121e2df03d501a3ecc8eb078"}
,"C:\\Users\\Kaveesha\\Desktop\\PearlReserve\\Resturent 2\\backend\\controllers\\activityBooking.js": {"path":"C:\\Users\\Kaveesha\\Desktop\\PearlReserve\\Resturent 2\\backend\\controllers\\activityBooking.js","statementMap":{"0":{"start":{"line":1,"column":29},"end":{"line":1,"column":65}},"1":{"start":{"line":2,"column":22},"end":{"line":2,"column":51}},"2":{"start":{"line":4,"column":0},"end":{"line":14,"column":2}},"3":{"start":{"line":20,"column":2},"end":{"line":26,"column":3}},"4":{"start":{"line":21,"column":21},"end":{"line":21,"column":75}},"5":{"start":{"line":22,"column":4},"end":{"line":22,"column":23}},"6":{"start":{"line":24,"column":4},"end":{"line":24,"column":23}},"7":{"start":{"line":25,"column":4},"end":{"line":25,"column":52}},"8":{"start":{"line":33,"column":2},"end":{"line":50,"column":3}},"9":{"start":{"line":35,"column":21},"end":{"line":35,"column":79}},"10":{"start":{"line":37,"column":4},"end":{"line":39,"column":5}},"11":{"start":{"line":38,"column":6},"end":{"line":38,"column":70}},"12":{"start":{"line":41,"column":4},"end":{"line":43,"column":5}},"13":{"start":{"line":42,"column":6},"end":{"line":42,"column":64}},"14":{"start":{"line":45,"column":21},"end":{"line":45,"column":89}},"15":{"start":{"line":46,"column":4},"end":{"line":46,"column":23}},"16":{"start":{"line":48,"column":4},"end":{"line":48,"column":23}},"17":{"start":{"line":49,"column":4},"end":{"line":49,"column":52}},"18":{"start":{"line":57,"column":2},"end":{"line":63,"column":3}},"19":{"start":{"line":58,"column":21},"end":{"line":58,"column":76}},"20":{"start":{"line":59,"column":4},"end":{"line":59,"column":23}},"21":{"start":{"line":61,"column":4},"end":{"line":61,"column":23}},"22":{"start":{"line":62,"column":4},"end":{"line":62,"column":52}},"23":{"start":{"line":70,"column":2},"end":{"line":87,"column":3}},"24":{"start":{"line":71,"column":20},"end":{"line":71,"column":84}},"25":{"start":{"line":73,"column":4},"end":{"line":75,"column":5}},"26":{"start":{"line":74,"column":6},"end":{"line":74,"column":69}},"27":{"start":{"line":78,"column":4},"end":{"line":81,"column":5}},"28":{"start":{"line":80,"column":6},"end":{"line":80,"column":64}},"29":{"start":{"line":83,"column":4},"end":{"line":83,"column":22}},"30":{"start":{"line":85,"column":4},"end":{"line":85,"column":23}},"31":{"start":{"line":86,"column":4},"end":{"line":86,"column":52}},"32":{"start":{"line":94,"column":2},"end":{"line":105,"column":3}},"33":{"start":{"line":95,"column":24},"end":{"line":98,"column":5}},"34":{"start":{"line":100,"column":20},"end":{"line":100,"column":81}},"35":{"start":{"line":101,"column":4},"end":{"line":101,"column":34}},"36":{"start":{"line":103,"column":4},"end":{"line":103,"column":23}},"37":{"start":{"line":104,"column":4},"end":{"line":104,"column":52}},"38":{"start":{"line":112,"column":2},"end":{"line":133,"column":3}},"39":{"start":{"line":113,"column":20},"end":{"line":113,"column":84}},"40":{"start":{"line":115,"column":4},"end":{"line":117,"column":5}},"41":{"start":{"line":116,"column":6},"end":{"line":116,"column":69}},"42":{"start":{"line":120,"column":4},"end":{"line":122,"column":5}},"43":{"start":{"line":121,"column":6},"end":{"line":121,"column":64}},"44":{"start":{"line":125,"column":4},"end":{"line":125,"column":29}},"45":{"start":{"line":126,"column":4},"end":{"line":126,"column":25}},"46":{"start":{"line":128,"column":27},"end":{"line":128,"column":100}},"47":{"start":{"line":129,"column":4},"end":{"line":129,"column":29}},"48":{"start":{"line":131,"column":4},"end":{"line":131,"column":23}},"49":{"start":{"line":132,"column":4},"end":{"line":132,"column":52}},"50":{"start":{"line":140,"column":2},"end":{"line":157,"column":3}},"51":{"start":{"line":141,"column":20},"end":{"line":141,"column":84}},"52":{"start":{"line":143,"column":4},"end":{"line":145,"column":5}},"53":{"start":{"line":144,"column":6},"end":{"line":144,"column":69}},"54":{"start":{"line":148,"column":4},"end":{"line":150,"column":5}},"55":{"start":{"line":149,"column":6},"end":{"line":149,"column":64}},"56":{"start":{"line":152,"column":4},"end":{"line":152,"column":68}},"57":{"start":{"line":153,"column":4},"end":{"line":153,"column":56}},"58":{"start":{"line":155,"column":4},"end":{"line":155,"column":23}},"59":{"start":{"line":156,"column":4},"end":{"line":156,"column":52}},"60":{"start":{"line":164,"column":2},"end":{"line":181,"column":3}},"61":{"start":{"line":165,"column":20},"end":{"line":165,"column":84}},"62":{"start":{"line":167,"column":4},"end":{"line":169,"column":5}},"63":{"start":{"line":168,"column":6},"end":{"line":168,"column":69}},"64":{"start":{"line":172,"column":4},"end":{"line":174,"column":5}},"65":{"start":{"line":173,"column":6},"end":{"line":173,"column":64}},"66":{"start":{"line":176,"column":29},"end":{"line":176,"column":85}},"67":{"start":{"line":177,"column":4},"end":{"line":177,"column":31}},"68":{"start":{"line":179,"column":4},"end":{"line":179,"column":23}},"69":{"start":{"line":180,"column":4},"end":{"line":180,"column":52}},"70":{"start":{"line":188,"column":2},"end":{"line":208,"column":3}},"71":{"start":{"line":189,"column":20},"end":{"line":189,"column":84}},"72":{"start":{"line":191,"column":4},"end":{"line":193,"column":5}},"73":{"start":{"line":192,"column":6},"end":{"line":192,"column":69}},"74":{"start":{"line":196,"column":4},"end":{"line":198,"column":5}},"75":{"start":{"line":197,"column":6},"end":{"line":197,"column":64}},"76":{"start":{"line":200,"column":29},"end":{"line":203,"column":5}},"77":{"start":{"line":204,"column":4},"end":{"line":204,"column":31}},"78":{"start":{"line":206,"column":4},"end":{"line":206,"column":23}},"79":{"start":{"line":207,"column":4},"end":{"line":207,"column":52}}},"fnMap":{"0":{"name":"getAllByUserId","decl":{"start":{"line":19,"column":15},"end":{"line":19,"column":29}},"loc":{"start":{"line":19,"column":40},"end":{"line":27,"column":1}},"line":19},"1":{"name":"getAllByActivityId","decl":{"start":{"line":32,"column":15},"end":{"line":32,"column":33}},"loc":{"start":{"line":32,"column":44},"end":{"line":51,"column":1}},"line":32},"2":{"name":"getAllByOwnerId","decl":{"start":{"line":56,"column":15},"end":{"line":56,"column":30}},"loc":{"start":{"line":56,"column":41},"end":{"line":64,"column":1}},"line":56},"3":{"name":"getOneById","decl":{"start":{"line":69,"column":15},"end":{"line":69,"column":25}},"loc":{"start":{"line":69,"column":36},"end":{"line":88,"column":1}},"line":69},"4":{"name":"createActivityBooking","decl":{"start":{"line":93,"column":15},"end":{"line":93,"column":36}},"loc":{"start":{"line":93,"column":47},"end":{"line":106,"column":1}},"line":93},"5":{"name":"updateActivityBooking","decl":{"start":{"line":111,"column":15},"end":{"line":111,"column":36}},"loc":{"start":{"line":111,"column":47},"end":{"line":134,"column":1}},"line":111},"6":{"name":"deleteActivityBooking","decl":{"start":{"line":139,"column":15},"end":{"line":139,"column":36}},"loc":{"start":{"line":139,"column":47},"end":{"line":158,"column":1}},"line":139},"7":{"name":"confirmActivityBooking","decl":{"start":{"line":163,"column":15},"end":{"line":163,"column":37}},"loc":{"start":{"line":163,"column":48},"end":{"line":182,"column":1}},"line":163},"8":{"name":"cancelActivityBooking","decl":{"start":{"line":187,"column":15},"end":{"line":187,"column":36}},"loc":{"start":{"line":187,"column":47},"end":{"line":209,"column":1}},"line":187}},"branchMap":{"0":{"loc":{"start":{"line":37,"column":4},"end":{"line":39,"column":5}},"type":"if","locations":[{"start":{"line":37,"column":4},"end":{"line":39,"column":5}},{"start":{},"end":{}}],"line":37},"1":{"loc":{"start":{"line":41,"column":4},"end":{"line":43,"column":5}},"type":"if","locations":[{"start":{"line":41,"column":4},"end":{"line":43,"column":5}},{"start":{},"end":{}}],"line":41},"2":{"loc":{"start":{"line":73,"column":4},"end":{"line":75,"column":5}},"type":"if","locations":[{"start":{"line":73,"column":4},"end":{"line":75,"column":5}},{"start":{},"end":{}}],"line":73},"3":{"loc":{"start":{"line":78,"column":4},"end":{"line":81,"column":5}},"type":"if","locations":[{"start":{"line":78,"column":4},"end":{"line":81,"column":5}},{"start":{},"end":{}}],"line":78},"4":{"loc":{"start":{"line":78,"column":8},"end":{"line":79,"column":57}},"type":"binary-expr","locations":[{"start":{"line":78,"column":8},"end":{"line":78,"column":51}},{"start":{"line":79,"column":8},"end":{"line":79,"column":57}}],"line":78},"5":{"loc":{"start":{"line":115,"column":4},"end":{"line":117,"column":5}},"type":"if","locations":[{"start":{"line":115,"column":4},"end":{"line":117,"column":5}},{"start":{},"end":{}}],"line":115},"6":{"loc":{"start":{"line":120,"column":4},"end":{"line":122,"column":5}},"type":"if","locations":[{"start":{"line":120,"column":4},"end":{"line":122,"column":5}},{"start":{},"end":{}}],"line":120},"7":{"loc":{"start":{"line":143,"column":4},"end":{"line":145,"column":5}},"type":"if","locations":[{"start":{"line":143,"column":4},"end":{"line":145,"column":5}},{"start":{},"end":{}}],"line":143},"8":{"loc":{"start":{"line":148,"column":4},"end":{"line":150,"column":5}},"type":"if","locations":[{"start":{"line":148,"column":4},"end":{"line":150,"column":5}},{"start":{},"end":{}}],"line":148},"9":{"loc":{"start":{"line":167,"column":4},"end":{"line":169,"column":5}},"type":"if","locations":[{"start":{"line":167,"column":4},"end":{"line":169,"column":5}},{"start":{},"end":{}}],"line":167},"10":{"loc":{"start":{"line":172,"column":4},"end":{"line":174,"column":5}},"type":"if","locations":[{"start":{"line":172,"column":4},"end":{"line":174,"column":5}},{"start":{},"end":{}}],"line":172},"11":{"loc":{"start":{"line":191,"column":4},"end":{"line":193,"column":5}},"type":"if","locations":[{"start":{"line":191,"column":4},"end":{"line":193,"column":5}},{"start":{},"end":{}}],"line":191},"12":{"loc":{"start":{"line":196,"column":4},"end":{"line":198,"column":5}},"type":"if","locations":[{"start":{"line":196,"column":4},"end":{"line":198,"column":5}},{"start":{},"end":{}}],"line":196}},"s":{"0":1,"1":1,"2":1,"3":0,"4":0,"5":0,"6":0,"7":0,"8":0,"9":0,"10":0,"11":0,"12":0,"13":0,"14":0,"15":0,"16":0,"17":0,"18":0,"19":0,"20":0,"21":0,"22":0,"23":0,"24":0,"25":0,"26":0,"27":0,"28":0,"29":0,"30":0,"31":0,"32":0,"33":0,"34":0,"35":0,"36":0,"37":0,"38":0,"39":0,"40":0,"41":0,"42":0,"43":0,"44":0,"45":0,"46":0,"47":0,"48":0,"49":0,"50":0,"51":0,"52":0,"53":0,"54":0,"55":0,"56":0,"57":0,"58":0,"59":0,"60":0,"61":0,"62":0,"63":0,"64":0,"65":0,"66":0,"67":0,"68":0,"69":0,"70":0,"71":0,"72":0,"73":0,"74":0,"75":0,"76":0,"77":0,"78":0,"79":0},"f":{"0":0,"1":0,"2":0,"3":0,"4":0,"5":0,"6":0,"7":0,"8":0},"b":{"0":[0,0],"1":[0,0],"2":[0,0],"3":[0,0],"4":[0,0],"5":[0,0],"6":[0,0],"7":[0,0],"8":[0,0],"9":[0,0],"10":[0,0],"11":[0,0],"12":[0,0]},"_coverageSchema":"1a1c01bbd47fc00a2c39e90264f33305004495a9","hash":"ae4a01d9b89c1790e0780222d09012a2957dbfe6"}
,"C:\\Users\\Kaveesha\\Desktop\\PearlReserve\\Resturent 2\\backend\\controllers\\admin.js": {"path":"C:\\Users\\Kaveesha\\Desktop\\PearlReserve\\Resturent 2\\backend\\controllers\\admin.js","statementMap":{"0":{"start":{"line":1,"column":13},"end":{"line":1,"column":36}},"1":{"start":{"line":2,"column":19},"end":{"line":2,"column":48}},"2":{"start":{"line":3,"column":14},"end":{"line":3,"column":38}},"3":{"start":{"line":4,"column":17},"end":{"line":4,"column":44}},"4":{"start":{"line":5,"column":16},"end":{"line":5,"column":42}},"5":{"start":{"line":6,"column":16},"end":{"line":6,"column":42}},"6":{"start":{"line":8,"column":0},"end":{"line":10,"column":2}},"7":{"start":{"line":18,"column":2},"end":{"line":98,"column":3}},"8":{"start":{"line":20,"column":22},"end":{"line":20,"column":49}},"9":{"start":{"line":21,"column":23},"end":{"line":21,"column":67}},"10":{"start":{"line":22,"column":28},"end":{"line":22,"column":61}},"11":{"start":{"line":23,"column":23},"end":{"line":23,"column":51}},"12":{"start":{"line":24,"column":26},"end":{"line":24,"column":57}},"13":{"start":{"line":25,"column":25},"end":{"line":25,"column":55}},"14":{"start":{"line":26,"column":25},"end":{"line":26,"column":55}},"15":{"start":{"line":29,"column":26},"end":{"line":29,"column":75}},"16":{"start":{"line":30,"column":29},"end":{"line":30,"column":75}},"17":{"start":{"line":31,"column":28},"end":{"line":31,"column":73}},"18":{"start":{"line":34,"column":24},"end":{"line":37,"column":45}},"19":{"start":{"line":40,"column":27},"end":{"line":43,"column":13}},"20":{"start":{"line":45,"column":25},"end":{"line":48,"column":13}},"21":{"start":{"line":50,"column":24},"end":{"line":53,"column":13}},"22":{"start":{"line":55,"column":22},"end":{"line":58,"column":13}},"23":{"start":{"line":62,"column":25},"end":{"line":62,"column":59}},"24":{"start":{"line":65,"column":18},"end":{"line":89,"column":5}},"25":{"start":{"line":91,"column":4},"end":{"line":91,"column":20}},"26":{"start":{"line":93,"column":4},"end":{"line":93,"column":58}},"27":{"start":{"line":94,"column":4},"end":{"line":97,"column":7}},"28":{"start":{"line":108,"column":2},"end":{"line":125,"column":3}},"29":{"start":{"line":109,"column":19},"end":{"line":119,"column":6}},"30":{"start":{"line":121,"column":4},"end":{"line":121,"column":66}},"31":{"start":{"line":123,"column":4},"end":{"line":123,"column":64}},"32":{"start":{"line":124,"column":4},"end":{"line":124,"column":13}},"33":{"start":{"line":133,"column":2},"end":{"line":156,"column":3}},"34":{"start":{"line":137,"column":19},"end":{"line":150,"column":6}},"35":{"start":{"line":152,"column":4},"end":{"line":152,"column":51}},"36":{"start":{"line":154,"column":4},"end":{"line":154,"column":61}},"37":{"start":{"line":155,"column":4},"end":{"line":155,"column":13}}},"fnMap":{"0":{"name":"getDashboardStats","decl":{"start":{"line":17,"column":15},"end":{"line":17,"column":32}},"loc":{"start":{"line":17,"column":43},"end":{"line":99,"column":1}},"line":17},"1":{"name":"calculateAveragePrice","decl":{"start":{"line":107,"column":15},"end":{"line":107,"column":36}},"loc":{"start":{"line":107,"column":51},"end":{"line":126,"column":1}},"line":107},"2":{"name":"calculateTotalRevenue","decl":{"start":{"line":132,"column":15},"end":{"line":132,"column":36}},"loc":{"start":{"line":132,"column":39},"end":{"line":157,"column":1}},"line":132}},"branchMap":{"0":{"loc":{"start":{"line":62,"column":25},"end":{"line":62,"column":59}},"type":"binary-expr","locations":[{"start":{"line":62,"column":25},"end":{"line":62,"column":54}},{"start":{"line":62,"column":58},"end":{"line":62,"column":59}}],"line":62},"1":{"loc":{"start":{"line":121,"column":11},"end":{"line":121,"column":65}},"type":"cond-expr","locations":[{"start":{"line":121,"column":31},"end":{"line":121,"column":61}},{"start":{"line":121,"column":64},"end":{"line":121,"column":65}}],"line":121},"2":{"loc":{"start":{"line":152,"column":11},"end":{"line":152,"column":50}},"type":"cond-expr","locations":[{"start":{"line":152,"column":31},"end":{"line":152,"column":46}},{"start":{"line":152,"column":49},"end":{"line":152,"column":50}}],"line":152}},"s":{"0":1,"1":1,"2":1,"3":1,"4":1,"5":1,"6":1,"7":0,"8":0,"9":0,"10":0,"11":0,"12":0,"13":0,"14":0,"15":0,"16":0,"17":0,"18":0,"19":0,"20":0,"21":0,"22":0,"23":0,"24":0,"25":0,"26":0,"27":0,"28":0,"29":0,"30":0,"31":0,"32":0,"33":0,"34":0,"35":0,"36":0,"37":0},"f":{"0":0,"1":0,"2":0},"b":{"0":[0,0],"1":[0,0],"2":[0,0]},"_coverageSchema":"1a1c01bbd47fc00a2c39e90264f33305004495a9","hash":"a08f6ab854ea9e522757e43b343df3a3a741ac75"}
,"C:\\Users\\Kaveesha\\Desktop\\PearlReserve\\Resturent 2\\backend\\controllers\\booking.js": {"path":"C:\\Users\\Kaveesha\\Desktop\\PearlReserve\\Resturent 2\\backend\\controllers\\booking.js","statementMap":{"0":{"start":{"line":1,"column":21},"end":{"line":1,"column":49}},"1":{"start":{"line":2,"column":24},"end":{"line":2,"column":55}},"2":{"start":{"line":3,"column":22},"end":{"line":3,"column":50}},"3":{"start":{"line":4,"column":24},"end":{"line":4,"column":51}},"4":{"start":{"line":6,"column":0},"end":{"line":16,"column":2}},"5":{"start":{"line":22,"column":19},"end":{"line":22,"column":65}},"6":{"start":{"line":23,"column":2},"end":{"line":23,"column":21}},"7":{"start":{"line":31,"column":21},"end":{"line":31,"column":78}},"8":{"start":{"line":32,"column":2},"end":{"line":34,"column":3}},"9":{"start":{"line":33,"column":4},"end":{"line":33,"column":24}},"10":{"start":{"line":36,"column":2},"end":{"line":38,"column":3}},"11":{"start":{"line":37,"column":4},"end":{"line":37,"column":48}},"12":{"start":{"line":40,"column":2},"end":{"line":44,"column":3}},"13":{"start":{"line":41,"column":4},"end":{"line":43,"column":62}},"14":{"start":{"line":46,"column":2},"end":{"line":49,"column":3}},"15":{"start":{"line":47,"column":21},"end":{"line":47,"column":76}},"16":{"start":{"line":48,"column":4},"end":{"line":48,"column":30}},"17":{"start":{"line":51,"column":19},"end":{"line":55,"column":4}},"18":{"start":{"line":56,"column":2},"end":{"line":56,"column":21}},"19":{"start":{"line":63,"column":2},"end":{"line":96,"column":3}},"20":{"start":{"line":65,"column":23},"end":{"line":65,"column":81}},"21":{"start":{"line":66,"column":4},"end":{"line":68,"column":5}},"22":{"start":{"line":67,"column":6},"end":{"line":67,"column":72}},"23":{"start":{"line":71,"column":28},"end":{"line":71,"column":89}},"24":{"start":{"line":72,"column":20},"end":{"line":72,"column":85}},"25":{"start":{"line":72,"column":46},"end":{"line":72,"column":84}},"26":{"start":{"line":74,"column":4},"end":{"line":76,"column":5}},"27":{"start":{"line":75,"column":6},"end":{"line":75,"column":64}},"28":{"start":{"line":78,"column":4},"end":{"line":92,"column":5}},"29":{"start":{"line":79,"column":6},"end":{"line":81,"column":7}},"30":{"start":{"line":80,"column":8},"end":{"line":80,"column":100}},"31":{"start":{"line":83,"column":23},"end":{"line":87,"column":8}},"32":{"start":{"line":88,"column":6},"end":{"line":88,"column":32}},"33":{"start":{"line":90,"column":23},"end":{"line":90,"column":81}},"34":{"start":{"line":91,"column":6},"end":{"line":91,"column":32}},"35":{"start":{"line":94,"column":4},"end":{"line":94,"column":23}},"36":{"start":{"line":95,"column":4},"end":{"line":95,"column":52}},"37":{"start":{"line":104,"column":15},"end":{"line":104,"column":26}},"38":{"start":{"line":105,"column":18},"end":{"line":105,"column":62}},"39":{"start":{"line":106,"column":2},"end":{"line":108,"column":3}},"40":{"start":{"line":107,"column":4},"end":{"line":107,"column":48}},"41":{"start":{"line":110,"column":2},"end":{"line":110,"column":20}},"42":{"start":{"line":117,"column":15},"end":{"line":117,"column":26}},"43":{"start":{"line":119,"column":17},"end":{"line":119,"column":19}},"44":{"start":{"line":121,"column":2},"end":{"line":142,"column":3}},"45":{"start":{"line":123,"column":23},"end":{"line":125,"column":5}},"46":{"start":{"line":126,"column":4},"end":{"line":126,"column":79}},"47":{"start":{"line":126,"column":21},"end":{"line":126,"column":79}},"48":{"start":{"line":129,"column":29},"end":{"line":129,"column":64}},"49":{"start":{"line":130,"column":4},"end":{"line":132,"column":5}},"50":{"start":{"line":131,"column":6},"end":{"line":131,"column":52}},"51":{"start":{"line":135,"column":4},"end":{"line":138,"column":7}},"52":{"start":{"line":139,"column":4},"end":{"line":139,"column":34}},"53":{"start":{"line":141,"column":4},"end":{"line":141,"column":52}},"54":{"start":{"line":144,"column":2},"end":{"line":157,"column":3}},"55":{"start":{"line":145,"column":4},"end":{"line":154,"column":7}},"56":{"start":{"line":156,"column":4},"end":{"line":156,"column":55}},"57":{"start":{"line":164,"column":15},"end":{"line":164,"column":26}},"58":{"start":{"line":166,"column":17},"end":{"line":166,"column":19}},"59":{"start":{"line":168,"column":2},"end":{"line":193,"column":3}},"60":{"start":{"line":169,"column":4},"end":{"line":171,"column":5}},"61":{"start":{"line":170,"column":6},"end":{"line":170,"column":66}},"62":{"start":{"line":174,"column":24},"end":{"line":174,"column":68}},"63":{"start":{"line":175,"column":4},"end":{"line":177,"column":5}},"64":{"start":{"line":176,"column":6},"end":{"line":176,"column":50}},"65":{"start":{"line":180,"column":23},"end":{"line":182,"column":5}},"66":{"start":{"line":183,"column":29},"end":{"line":183,"column":64}},"67":{"start":{"line":184,"column":4},"end":{"line":186,"column":5}},"68":{"start":{"line":185,"column":6},"end":{"line":185,"column":52}},"69":{"start":{"line":189,"column":4},"end":{"line":189,"column":79}},"70":{"start":{"line":190,"column":4},"end":{"line":190,"column":41}},"71":{"start":{"line":192,"column":4},"end":{"line":192,"column":52}},"72":{"start":{"line":195,"column":2},"end":{"line":208,"column":3}},"73":{"start":{"line":196,"column":4},"end":{"line":205,"column":7}},"74":{"start":{"line":207,"column":4},"end":{"line":207,"column":55}},"75":{"start":{"line":216,"column":15},"end":{"line":216,"column":26}},"76":{"start":{"line":217,"column":18},"end":{"line":217,"column":62}},"77":{"start":{"line":218,"column":2},"end":{"line":220,"column":3}},"78":{"start":{"line":219,"column":4},"end":{"line":219,"column":48}},"79":{"start":{"line":222,"column":2},"end":{"line":227,"column":3}},"80":{"start":{"line":223,"column":4},"end":{"line":223,"column":52}},"81":{"start":{"line":224,"column":4},"end":{"line":224,"column":44}},"82":{"start":{"line":226,"column":4},"end":{"line":226,"column":52}},"83":{"start":{"line":229,"column":2},"end":{"line":239,"column":3}},"84":{"start":{"line":230,"column":4},"end":{"line":236,"column":7}},"85":{"start":{"line":238,"column":4},"end":{"line":238,"column":55}},"86":{"start":{"line":246,"column":2},"end":{"line":308,"column":3}},"87":{"start":{"line":248,"column":20},"end":{"line":248,"column":64}},"88":{"start":{"line":249,"column":4},"end":{"line":251,"column":5}},"89":{"start":{"line":250,"column":6},"end":{"line":250,"column":69}},"90":{"start":{"line":254,"column":4},"end":{"line":257,"column":5}},"91":{"start":{"line":255,"column":6},"end":{"line":255,"column":62}},"92":{"start":{"line":256,"column":6},"end":{"line":256,"column":91}},"93":{"start":{"line":260,"column":21},"end":{"line":263,"column":13}},"94":{"start":{"line":265,"column":4},"end":{"line":268,"column":5}},"95":{"start":{"line":266,"column":6},"end":{"line":266,"column":62}},"96":{"start":{"line":267,"column":6},"end":{"line":267,"column":110}},"97":{"start":{"line":271,"column":28},"end":{"line":271,"column":89}},"98":{"start":{"line":272,"column":20},"end":{"line":272,"column":101}},"99":{"start":{"line":272,"column":46},"end":{"line":272,"column":100}},"100":{"start":{"line":274,"column":4},"end":{"line":276,"column":5}},"101":{"start":{"line":275,"column":6},"end":{"line":275,"column":64}},"102":{"start":{"line":279,"column":27},"end":{"line":281,"column":6}},"103":{"start":{"line":284,"column":4},"end":{"line":302,"column":5}},"104":{"start":{"line":285,"column":6},"end":{"line":285,"column":70}},"105":{"start":{"line":286,"column":6},"end":{"line":286,"column":64}},"106":{"start":{"line":288,"column":6},"end":{"line":297,"column":9}},"107":{"start":{"line":298,"column":6},"end":{"line":298,"column":54}},"108":{"start":{"line":300,"column":6},"end":{"line":300,"column":66}},"109":{"start":{"line":304,"column":4},"end":{"line":304,"column":41}},"110":{"start":{"line":306,"column":4},"end":{"line":306,"column":51}},"111":{"start":{"line":307,"column":4},"end":{"line":307,"column":52}},"112":{"start":{"line":315,"column":2},"end":{"line":362,"column":3}},"113":{"start":{"line":317,"column":20},"end":{"line":317,"column":64}},"114":{"start":{"line":318,"column":4},"end":{"line":320,"column":5}},"115":{"start":{"line":319,"column":6},"end":{"line":319,"column":69}},"116":{"start":{"line":323,"column":28},"end":{"line":323,"column":89}},"117":{"start":{"line":324,"column":20},"end":{"line":324,"column":101}},"118":{"start":{"line":324,"column":46},"end":{"line":324,"column":100}},"119":{"start":{"line":326,"column":4},"end":{"line":328,"column":5}},"120":{"start":{"line":327,"column":6},"end":{"line":327,"column":64}},"121":{"start":{"line":331,"column":4},"end":{"line":333,"column":5}},"122":{"start":{"line":332,"column":6},"end":{"line":332,"column":101}},"123":{"start":{"line":336,"column":27},"end":{"line":339,"column":6}},"124":{"start":{"line":342,"column":4},"end":{"line":356,"column":5}},"125":{"start":{"line":343,"column":6},"end":{"line":353,"column":9}},"126":{"start":{"line":355,"column":6},"end":{"line":355,"column":67}},"127":{"start":{"line":358,"column":4},"end":{"line":358,"column":41}},"128":{"start":{"line":360,"column":4},"end":{"line":360,"column":23}},"129":{"start":{"line":361,"column":4},"end":{"line":361,"column":52}},"130":{"start":{"line":366,"column":17},"end":{"line":366,"column":19}},"131":{"start":{"line":367,"column":2},"end":{"line":367,"column":29}},"132":{"start":{"line":370,"column":2},"end":{"line":372,"column":3}},"133":{"start":{"line":371,"column":4},"end":{"line":371,"column":48}},"134":{"start":{"line":373,"column":2},"end":{"line":375,"column":3}},"135":{"start":{"line":374,"column":4},"end":{"line":374,"column":43}},"136":{"start":{"line":376,"column":2},"end":{"line":378,"column":3}},"137":{"start":{"line":377,"column":4},"end":{"line":377,"column":75}},"138":{"start":{"line":380,"column":2},"end":{"line":382,"column":3}},"139":{"start":{"line":381,"column":4},"end":{"line":381,"column":50}},"140":{"start":{"line":383,"column":2},"end":{"line":385,"column":3}},"141":{"start":{"line":384,"column":4},"end":{"line":384,"column":51}},"142":{"start":{"line":386,"column":27},"end":{"line":389,"column":3}},"143":{"start":{"line":390,"column":2},"end":{"line":392,"column":3}},"144":{"start":{"line":391,"column":4},"end":{"line":391,"column":52}},"145":{"start":{"line":393,"column":28},"end":{"line":397,"column":3}},"146":{"start":{"line":398,"column":2},"end":{"line":400,"column":3}},"147":{"start":{"line":399,"column":4},"end":{"line":399,"column":53}},"148":{"start":{"line":402,"column":2},"end":{"line":404,"column":3}},"149":{"start":{"line":403,"column":4},"end":{"line":403,"column":18}}},"fnMap":{"0":{"name":"getAllByUserId","decl":{"start":{"line":21,"column":15},"end":{"line":21,"column":29}},"loc":{"start":{"line":21,"column":40},"end":{"line":24,"column":1}},"line":21},"1":{"name":"getAllByRestaurantId","decl":{"start":{"line":29,"column":15},"end":{"line":29,"column":35}},"loc":{"start":{"line":29,"column":46},"end":{"line":57,"column":1}},"line":29},"2":{"name":"getAllBySpecificRestaurantId","decl":{"start":{"line":62,"column":15},"end":{"line":62,"column":43}},"loc":{"start":{"line":62,"column":54},"end":{"line":97,"column":1}},"line":62},"3":{"name":"(anonymous_3)","decl":{"start":{"line":72,"column":41},"end":{"line":72,"column":42}},"loc":{"start":{"line":72,"column":46},"end":{"line":72,"column":84}},"line":72},"4":{"name":"getOneById","decl":{"start":{"line":102,"column":15},"end":{"line":102,"column":25}},"loc":{"start":{"line":102,"column":36},"end":{"line":111,"column":1}},"line":102},"5":{"name":"createBooking","decl":{"start":{"line":116,"column":15},"end":{"line":116,"column":28}},"loc":{"start":{"line":116,"column":39},"end":{"line":158,"column":1}},"line":116},"6":{"name":"updateBooking","decl":{"start":{"line":163,"column":15},"end":{"line":163,"column":28}},"loc":{"start":{"line":163,"column":39},"end":{"line":209,"column":1}},"line":163},"7":{"name":"deleteBooking","decl":{"start":{"line":214,"column":15},"end":{"line":214,"column":28}},"loc":{"start":{"line":214,"column":39},"end":{"line":240,"column":1}},"line":214},"8":{"name":"approveBooking","decl":{"start":{"line":245,"column":15},"end":{"line":245,"column":29}},"loc":{"start":{"line":245,"column":40},"end":{"line":309,"column":1}},"line":245},"9":{"name":"(anonymous_9)","decl":{"start":{"line":272,"column":41},"end":{"line":272,"column":42}},"loc":{"start":{"line":272,"column":46},"end":{"line":272,"column":100}},"line":272},"10":{"name":"rejectBooking","decl":{"start":{"line":314,"column":15},"end":{"line":314,"column":28}},"loc":{"start":{"line":314,"column":39},"end":{"line":363,"column":1}},"line":314},"11":{"name":"(anonymous_11)","decl":{"start":{"line":324,"column":41},"end":{"line":324,"column":42}},"loc":{"start":{"line":324,"column":46},"end":{"line":324,"column":100}},"line":324},"12":{"name":"validateInput","decl":{"start":{"line":365,"column":9},"end":{"line":365,"column":22}},"loc":{"start":{"line":365,"column":41},"end":{"line":405,"column":1}},"line":365}},"branchMap":{"0":{"loc":{"start":{"line":32,"column":2},"end":{"line":34,"column":3}},"type":"if","locations":[{"start":{"line":32,"column":2},"end":{"line":34,"column":3}},{"start":{},"end":{}}],"line":32},"1":{"loc":{"start":{"line":36,"column":2},"end":{"line":38,"column":3}},"type":"if","locations":[{"start":{"line":36,"column":2},"end":{"line":38,"column":3}},{"start":{},"end":{}}],"line":36},"2":{"loc":{"start":{"line":40,"column":2},"end":{"line":44,"column":3}},"type":"if","locations":[{"start":{"line":40,"column":2},"end":{"line":44,"column":3}},{"start":{},"end":{}}],"line":40},"3":{"loc":{"start":{"line":46,"column":2},"end":{"line":49,"column":3}},"type":"if","locations":[{"start":{"line":46,"column":2},"end":{"line":49,"column":3}},{"start":{},"end":{}}],"line":46},"4":{"loc":{"start":{"line":46,"column":6},"end":{"line":46,"column":56}},"type":"binary-expr","locations":[{"start":{"line":46,"column":6},"end":{"line":46,"column":30}},{"start":{"line":46,"column":34},"end":{"line":46,"column":56}}],"line":46},"5":{"loc":{"start":{"line":66,"column":4},"end":{"line":68,"column":5}},"type":"if","locations":[{"start":{"line":66,"column":4},"end":{"line":68,"column":5}},{"start":{},"end":{}}],"line":66},"6":{"loc":{"start":{"line":74,"column":4},"end":{"line":76,"column":5}},"type":"if","locations":[{"start":{"line":74,"column":4},"end":{"line":76,"column":5}},{"start":{},"end":{}}],"line":74},"7":{"loc":{"start":{"line":78,"column":4},"end":{"line":92,"column":5}},"type":"if","locations":[{"start":{"line":78,"column":4},"end":{"line":92,"column":5}},{"start":{"line":89,"column":11},"end":{"line":92,"column":5}}],"line":78},"8":{"loc":{"start":{"line":78,"column":8},"end":{"line":78,"column":56}},"type":"binary-expr","locations":[{"start":{"line":78,"column":8},"end":{"line":78,"column":31}},{"start":{"line":78,"column":35},"end":{"line":78,"column":56}}],"line":78},"9":{"loc":{"start":{"line":79,"column":6},"end":{"line":81,"column":7}},"type":"if","locations":[{"start":{"line":79,"column":6},"end":{"line":81,"column":7}},{"start":{},"end":{}}],"line":79},"10":{"loc":{"start":{"line":106,"column":2},"end":{"line":108,"column":3}},"type":"if","locations":[{"start":{"line":106,"column":2},"end":{"line":108,"column":3}},{"start":{},"end":{}}],"line":106},"11":{"loc":{"start":{"line":126,"column":4},"end":{"line":126,"column":79}},"type":"if","locations":[{"start":{"line":126,"column":4},"end":{"line":126,"column":79}},{"start":{},"end":{}}],"line":126},"12":{"loc":{"start":{"line":130,"column":4},"end":{"line":132,"column":5}},"type":"if","locations":[{"start":{"line":130,"column":4},"end":{"line":132,"column":5}},{"start":{},"end":{}}],"line":130},"13":{"loc":{"start":{"line":169,"column":4},"end":{"line":171,"column":5}},"type":"if","locations":[{"start":{"line":169,"column":4},"end":{"line":171,"column":5}},{"start":{},"end":{}}],"line":169},"14":{"loc":{"start":{"line":175,"column":4},"end":{"line":177,"column":5}},"type":"if","locations":[{"start":{"line":175,"column":4},"end":{"line":177,"column":5}},{"start":{},"end":{}}],"line":175},"15":{"loc":{"start":{"line":184,"column":4},"end":{"line":186,"column":5}},"type":"if","locations":[{"start":{"line":184,"column":4},"end":{"line":186,"column":5}},{"start":{},"end":{}}],"line":184},"16":{"loc":{"start":{"line":218,"column":2},"end":{"line":220,"column":3}},"type":"if","locations":[{"start":{"line":218,"column":2},"end":{"line":220,"column":3}},{"start":{},"end":{}}],"line":218},"17":{"loc":{"start":{"line":249,"column":4},"end":{"line":251,"column":5}},"type":"if","locations":[{"start":{"line":249,"column":4},"end":{"line":251,"column":5}},{"start":{},"end":{}}],"line":249},"18":{"loc":{"start":{"line":254,"column":4},"end":{"line":257,"column":5}},"type":"if","locations":[{"start":{"line":254,"column":4},"end":{"line":257,"column":5}},{"start":{},"end":{}}],"line":254},"19":{"loc":{"start":{"line":254,"column":8},"end":{"line":254,"column":65}},"type":"binary-expr","locations":[{"start":{"line":254,"column":8},"end":{"line":254,"column":21}},{"start":{"line":254,"column":25},"end":{"line":254,"column":42}},{"start":{"line":254,"column":46},"end":{"line":254,"column":65}}],"line":254},"20":{"loc":{"start":{"line":260,"column":21},"end":{"line":263,"column":13}},"type":"binary-expr","locations":[{"start":{"line":260,"column":21},"end":{"line":260,"column":38}},{"start":{"line":261,"column":7},"end":{"line":263,"column":12}}],"line":260},"21":{"loc":{"start":{"line":261,"column":7},"end":{"line":263,"column":12}},"type":"cond-expr","locations":[{"start":{"line":262,"column":8},"end":{"line":262,"column":60}},{"start":{"line":263,"column":8},"end":{"line":263,"column":12}}],"line":261},"22":{"loc":{"start":{"line":261,"column":7},"end":{"line":261,"column":54}},"type":"binary-expr","locations":[{"start":{"line":261,"column":7},"end":{"line":261,"column":29}},{"start":{"line":261,"column":33},"end":{"line":261,"column":54}}],"line":261},"23":{"loc":{"start":{"line":265,"column":4},"end":{"line":268,"column":5}},"type":"if","locations":[{"start":{"line":265,"column":4},"end":{"line":268,"column":5}},{"start":{},"end":{}}],"line":265},"24":{"loc":{"start":{"line":274,"column":4},"end":{"line":276,"column":5}},"type":"if","locations":[{"start":{"line":274,"column":4},"end":{"line":276,"column":5}},{"start":{},"end":{}}],"line":274},"25":{"loc":{"start":{"line":318,"column":4},"end":{"line":320,"column":5}},"type":"if","locations":[{"start":{"line":318,"column":4},"end":{"line":320,"column":5}},{"start":{},"end":{}}],"line":318},"26":{"loc":{"start":{"line":326,"column":4},"end":{"line":328,"column":5}},"type":"if","locations":[{"start":{"line":326,"column":4},"end":{"line":328,"column":5}},{"start":{},"end":{}}],"line":326},"27":{"loc":{"start":{"line":331,"column":4},"end":{"line":333,"column":5}},"type":"if","locations":[{"start":{"line":331,"column":4},"end":{"line":333,"column":5}},{"start":{},"end":{}}],"line":331},"28":{"loc":{"start":{"line":331,"column":8},"end":{"line":331,"column":73}},"type":"binary-expr","locations":[{"start":{"line":331,"column":8},"end":{"line":331,"column":32}},{"start":{"line":331,"column":36},"end":{"line":331,"column":73}}],"line":331},"29":{"loc":{"start":{"line":338,"column":23},"end":{"line":338,"column":71}},"type":"binary-expr","locations":[{"start":{"line":338,"column":23},"end":{"line":338,"column":47}},{"start":{"line":338,"column":51},"end":{"line":338,"column":71}}],"line":338},"30":{"loc":{"start":{"line":351,"column":27},"end":{"line":351,"column":75}},"type":"binary-expr","locations":[{"start":{"line":351,"column":27},"end":{"line":351,"column":51}},{"start":{"line":351,"column":55},"end":{"line":351,"column":75}}],"line":351},"31":{"loc":{"start":{"line":370,"column":2},"end":{"line":372,"column":3}},"type":"if","locations":[{"start":{"line":370,"column":2},"end":{"line":372,"column":3}},{"start":{},"end":{}}],"line":370},"32":{"loc":{"start":{"line":373,"column":2},"end":{"line":375,"column":3}},"type":"if","locations":[{"start":{"line":373,"column":2},"end":{"line":375,"column":3}},{"start":{},"end":{}}],"line":373},"33":{"loc":{"start":{"line":376,"column":2},"end":{"line":378,"column":3}},"type":"if","locations":[{"start":{"line":376,"column":2},"end":{"line":378,"column":3}},{"start":{},"end":{}}],"line":376},"34":{"loc":{"start":{"line":380,"column":2},"end":{"line":382,"column":3}},"type":"if","locations":[{"start":{"line":380,"column":2},"end":{"line":382,"column":3}},{"start":{},"end":{}}],"line":380},"35":{"loc":{"start":{"line":383,"column":2},"end":{"line":385,"column":3}},"type":"if","locations":[{"start":{"line":383,"column":2},"end":{"line":385,"column":3}},{"start":{},"end":{}}],"line":383},"36":{"loc":{"start":{"line":390,"column":2},"end":{"line":392,"column":3}},"type":"if","locations":[{"start":{"line":390,"column":2},"end":{"line":392,"column":3}},{"start":{},"end":{}}],"line":390},"37":{"loc":{"start":{"line":398,"column":2},"end":{"line":400,"column":3}},"type":"if","locations":[{"start":{"line":398,"column":2},"end":{"line":400,"column":3}},{"start":{},"end":{}}],"line":398},"38":{"loc":{"start":{"line":402,"column":2},"end":{"line":404,"column":3}},"type":"if","locations":[{"start":{"line":402,"column":2},"end":{"line":404,"column":3}},{"start":{},"end":{}}],"line":402}},"s":{"0":1,"1":1,"2":1,"3":1,"4":1,"5":0,"6":0,"7":0,"8":0,"9":0,"10":0,"11":0,"12":0,"13":0,"14":0,"15":0,"16":0,"17":0,"18":0,"19":0,"20":0,"21":0,"22":0,"23":0,"24":0,"25":0,"26":0,"27":0,"28":0,"29":0,"30":0,"31":0,"32":0,"33":0,"34":0,"35":0,"36":0,"37":0,"38":0,"39":0,"40":0,"41":0,"42":0,"43":0,"44":0,"45":0,"46":0,"47":0,"48":0,"49":0,"50":0,"51":0,"52":0,"53":0,"54":0,"55":0,"56":0,"57":0,"58":0,"59":0,"60":0,"61":0,"62":0,"63":0,"64":0,"65":0,"66":0,"67":0,"68":0,"69":0,"70":0,"71":0,"72":0,"73":0,"74":0,"75":0,"76":0,"77":0,"78":0,"79":0,"80":0,"81":0,"82":0,"83":0,"84":0,"85":0,"86":0,"87":0,"88":0,"89":0,"90":0,"91":0,"92":0,"93":0,"94":0,"95":0,"96":0,"97":0,"98":0,"99":0,"100":0,"101":0,"102":0,"103":0,"104":0,"105":0,"106":0,"107":0,"108":0,"109":0,"110":0,"111":0,"112":0,"113":0,"114":0,"115":0,"116":0,"117":0,"118":0,"119":0,"120":0,"121":0,"122":0,"123":0,"124":0,"125":0,"126":0,"127":0,"128":0,"129":0,"130":0,"131":0,"132":0,"133":0,"134":0,"135":0,"136":0,"137":0,"138":0,"139":0,"140":0,"141":0,"142":0,"143":0,"144":0,"145":0,"146":0,"147":0,"148":0,"149":0},"f":{"0":0,"1":0,"2":0,"3":0,"4":0,"5":0,"6":0,"7":0,"8":0,"9":0,"10":0,"11":0,"12":0},"b":{"0":[0,0],"1":[0,0],"2":[0,0],"3":[0,0],"4":[0,0],"5":[0,0],"6":[0,0],"7":[0,0],"8":[0,0],"9":[0,0],"10":[0,0],"11":[0,0],"12":[0,0],"13":[0,0],"14":[0,0],"15":[0,0],"16":[0,0],"17":[0,0],"18":[0,0],"19":[0,0,0],"20":[0,0],"21":[0,0],"22":[0,0],"23":[0,0],"24":[0,0],"25":[0,0],"26":[0,0],"27":[0,0],"28":[0,0],"29":[0,0],"30":[0,0],"31":[0,0],"32":[0,0],"33":[0,0],"34":[0,0],"35":[0,0],"36":[0,0],"37":[0,0],"38":[0,0]},"_coverageSchema":"1a1c01bbd47fc00a2c39e90264f33305004495a9","hash":"b0f23e407f050e4446f3fd9e27b62c9df2d4292c"}
,"C:\\Users\\Kaveesha\\Desktop\\PearlReserve\\Resturent 2\\backend\\controllers\\contactController.js": {"path":"C:\\Users\\Kaveesha\\Desktop\\PearlReserve\\Resturent 2\\backend\\controllers\\contactController.js","statementMap":{"0":{"start":{"line":1,"column":16},"end":{"line":1,"column":44}},"1":{"start":{"line":8,"column":0},"end":{"line":45,"column":2}},"2":{"start":{"line":9,"column":2},"end":{"line":44,"column":3}},"3":{"start":{"line":10,"column":53},"end":{"line":10,"column":61}},"4":{"start":{"line":13,"column":4},"end":{"line":18,"column":5}},"5":{"start":{"line":14,"column":6},"end":{"line":17,"column":9}},"6":{"start":{"line":21,"column":23},"end":{"line":27,"column":6}},"7":{"start":{"line":30,"column":4},"end":{"line":30,"column":28}},"8":{"start":{"line":32,"column":4},"end":{"line":36,"column":7}},"9":{"start":{"line":38,"column":4},"end":{"line":38,"column":52}},"10":{"start":{"line":39,"column":4},"end":{"line":43,"column":7}},"11":{"start":{"line":52,"column":0},"end":{"line":69,"column":2}},"12":{"start":{"line":53,"column":2},"end":{"line":68,"column":3}},"13":{"start":{"line":54,"column":21},"end":{"line":54,"column":65}},"14":{"start":{"line":56,"column":4},"end":{"line":60,"column":7}},"15":{"start":{"line":62,"column":4},"end":{"line":62,"column":53}},"16":{"start":{"line":63,"column":4},"end":{"line":67,"column":7}}},"fnMap":{"0":{"name":"(anonymous_0)","decl":{"start":{"line":8,"column":24},"end":{"line":8,"column":25}},"loc":{"start":{"line":8,"column":44},"end":{"line":45,"column":1}},"line":8},"1":{"name":"(anonymous_1)","decl":{"start":{"line":52,"column":25},"end":{"line":52,"column":26}},"loc":{"start":{"line":52,"column":45},"end":{"line":69,"column":1}},"line":52}},"branchMap":{"0":{"loc":{"start":{"line":13,"column":4},"end":{"line":18,"column":5}},"type":"if","locations":[{"start":{"line":13,"column":4},"end":{"line":18,"column":5}},{"start":{},"end":{}}],"line":13},"1":{"loc":{"start":{"line":13,"column":8},"end":{"line":13,"column":47}},"type":"binary-expr","locations":[{"start":{"line":13,"column":8},"end":{"line":13,"column":13}},{"start":{"line":13,"column":17},"end":{"line":13,"column":23}},{"start":{"line":13,"column":27},"end":{"line":13,"column":35}},{"start":{"line":13,"column":39},"end":{"line":13,"column":47}}],"line":13}},"s":{"0":1,"1":1,"2":0,"3":0,"4":0,"5":0,"6":0,"7":0,"8":0,"9":0,"10":0,"11":1,"12":0,"13":0,"14":0,"15":0,"16":0},"f":{"0":0,"1":0},"b":{"0":[0,0],"1":[0,0,0,0]},"_coverageSchema":"1a1c01bbd47fc00a2c39e90264f33305004495a9","hash":"d50172871436ac2cf8442138599c763e9313e018"}
,"C:\\Users\\Kaveesha\\Desktop\\PearlReserve\\Resturent 2\\backend\\controllers\\event.js": {"path":"C:\\Users\\Kaveesha\\Desktop\\PearlReserve\\Resturent 2\\backend\\controllers\\event.js","statementMap":{"0":{"start":{"line":1,"column":19},"end":{"line":1,"column":45}},"1":{"start":{"line":2,"column":24},"end":{"line":2,"column":55}},"2":{"start":{"line":4,"column":0},"end":{"line":12,"column":2}},"3":{"start":{"line":18,"column":2},"end":{"line":24,"column":3}},"4":{"start":{"line":19,"column":19},"end":{"line":19,"column":44}},"5":{"start":{"line":20,"column":4},"end":{"line":20,"column":21}},"6":{"start":{"line":22,"column":4},"end":{"line":22,"column":23}},"7":{"start":{"line":23,"column":4},"end":{"line":23,"column":52}},"8":{"start":{"line":31,"column":2},"end":{"line":37,"column":3}},"9":{"start":{"line":32,"column":19},"end":{"line":32,"column":64}},"10":{"start":{"line":33,"column":4},"end":{"line":33,"column":21}},"11":{"start":{"line":35,"column":4},"end":{"line":35,"column":23}},"12":{"start":{"line":36,"column":4},"end":{"line":36,"column":52}},"13":{"start":{"line":44,"column":2},"end":{"line":50,"column":3}},"14":{"start":{"line":45,"column":19},"end":{"line":45,"column":75}},"15":{"start":{"line":46,"column":4},"end":{"line":46,"column":21}},"16":{"start":{"line":48,"column":4},"end":{"line":48,"column":23}},"17":{"start":{"line":49,"column":4},"end":{"line":49,"column":52}},"18":{"start":{"line":57,"column":2},"end":{"line":68,"column":3}},"19":{"start":{"line":58,"column":18},"end":{"line":58,"column":62}},"20":{"start":{"line":60,"column":4},"end":{"line":62,"column":5}},"21":{"start":{"line":61,"column":6},"end":{"line":61,"column":67}},"22":{"start":{"line":64,"column":4},"end":{"line":64,"column":20}},"23":{"start":{"line":66,"column":4},"end":{"line":66,"column":23}},"24":{"start":{"line":67,"column":4},"end":{"line":67,"column":52}},"25":{"start":{"line":75,"column":2},"end":{"line":102,"column":3}},"26":{"start":{"line":76,"column":4},"end":{"line":76,"column":55}},"27":{"start":{"line":77,"column":4},"end":{"line":77,"column":41}},"28":{"start":{"line":80,"column":23},"end":{"line":80,"column":83}},"29":{"start":{"line":82,"column":4},"end":{"line":85,"column":5}},"30":{"start":{"line":83,"column":6},"end":{"line":83,"column":64}},"31":{"start":{"line":84,"column":6},"end":{"line":84,"column":72}},"32":{"start":{"line":87,"column":4},"end":{"line":90,"column":5}},"33":{"start":{"line":88,"column":6},"end":{"line":88,"column":100}},"34":{"start":{"line":89,"column":6},"end":{"line":89,"column":64}},"35":{"start":{"line":93,"column":18},"end":{"line":96,"column":6}},"36":{"start":{"line":98,"column":4},"end":{"line":98,"column":32}},"37":{"start":{"line":100,"column":4},"end":{"line":100,"column":48}},"38":{"start":{"line":101,"column":4},"end":{"line":101,"column":52}},"39":{"start":{"line":109,"column":2},"end":{"line":128,"column":3}},"40":{"start":{"line":111,"column":18},"end":{"line":111,"column":62}},"41":{"start":{"line":113,"column":4},"end":{"line":115,"column":5}},"42":{"start":{"line":114,"column":6},"end":{"line":114,"column":67}},"43":{"start":{"line":118,"column":4},"end":{"line":120,"column":5}},"44":{"start":{"line":119,"column":6},"end":{"line":119,"column":64}},"45":{"start":{"line":123,"column":25},"end":{"line":123,"column":78}},"46":{"start":{"line":124,"column":4},"end":{"line":124,"column":27}},"47":{"start":{"line":126,"column":4},"end":{"line":126,"column":23}},"48":{"start":{"line":127,"column":4},"end":{"line":127,"column":52}},"49":{"start":{"line":135,"column":2},"end":{"line":154,"column":3}},"50":{"start":{"line":137,"column":18},"end":{"line":137,"column":62}},"51":{"start":{"line":139,"column":4},"end":{"line":141,"column":5}},"52":{"start":{"line":140,"column":6},"end":{"line":140,"column":67}},"53":{"start":{"line":144,"column":4},"end":{"line":146,"column":5}},"54":{"start":{"line":145,"column":6},"end":{"line":145,"column":64}},"55":{"start":{"line":149,"column":4},"end":{"line":149,"column":48}},"56":{"start":{"line":150,"column":4},"end":{"line":150,"column":43}},"57":{"start":{"line":152,"column":4},"end":{"line":152,"column":23}},"58":{"start":{"line":153,"column":4},"end":{"line":153,"column":52}}},"fnMap":{"0":{"name":"getAll","decl":{"start":{"line":17,"column":15},"end":{"line":17,"column":21}},"loc":{"start":{"line":17,"column":32},"end":{"line":25,"column":1}},"line":17},"1":{"name":"getAllByOwnerId","decl":{"start":{"line":30,"column":15},"end":{"line":30,"column":30}},"loc":{"start":{"line":30,"column":41},"end":{"line":38,"column":1}},"line":30},"2":{"name":"getAllByRestaurantId","decl":{"start":{"line":43,"column":15},"end":{"line":43,"column":35}},"loc":{"start":{"line":43,"column":46},"end":{"line":51,"column":1}},"line":43},"3":{"name":"getOneById","decl":{"start":{"line":56,"column":15},"end":{"line":56,"column":25}},"loc":{"start":{"line":56,"column":36},"end":{"line":69,"column":1}},"line":56},"4":{"name":"createEvent","decl":{"start":{"line":74,"column":15},"end":{"line":74,"column":26}},"loc":{"start":{"line":74,"column":37},"end":{"line":103,"column":1}},"line":74},"5":{"name":"updateEvent","decl":{"start":{"line":108,"column":15},"end":{"line":108,"column":26}},"loc":{"start":{"line":108,"column":37},"end":{"line":129,"column":1}},"line":108},"6":{"name":"deleteEvent","decl":{"start":{"line":134,"column":15},"end":{"line":134,"column":26}},"loc":{"start":{"line":134,"column":37},"end":{"line":155,"column":1}},"line":134}},"branchMap":{"0":{"loc":{"start":{"line":60,"column":4},"end":{"line":62,"column":5}},"type":"if","locations":[{"start":{"line":60,"column":4},"end":{"line":62,"column":5}},{"start":{},"end":{}}],"line":60},"1":{"loc":{"start":{"line":82,"column":4},"end":{"line":85,"column":5}},"type":"if","locations":[{"start":{"line":82,"column":4},"end":{"line":85,"column":5}},{"start":{},"end":{}}],"line":82},"2":{"loc":{"start":{"line":87,"column":4},"end":{"line":90,"column":5}},"type":"if","locations":[{"start":{"line":87,"column":4},"end":{"line":90,"column":5}},{"start":{},"end":{}}],"line":87},"3":{"loc":{"start":{"line":113,"column":4},"end":{"line":115,"column":5}},"type":"if","locations":[{"start":{"line":113,"column":4},"end":{"line":115,"column":5}},{"start":{},"end":{}}],"line":113},"4":{"loc":{"start":{"line":118,"column":4},"end":{"line":120,"column":5}},"type":"if","locations":[{"start":{"line":118,"column":4},"end":{"line":120,"column":5}},{"start":{},"end":{}}],"line":118},"5":{"loc":{"start":{"line":139,"column":4},"end":{"line":141,"column":5}},"type":"if","locations":[{"start":{"line":139,"column":4},"end":{"line":141,"column":5}},{"start":{},"end":{}}],"line":139},"6":{"loc":{"start":{"line":144,"column":4},"end":{"line":146,"column":5}},"type":"if","locations":[{"start":{"line":144,"column":4},"end":{"line":146,"column":5}},{"start":{},"end":{}}],"line":144}},"s":{"0":1,"1":1,"2":1,"3":0,"4":0,"5":0,"6":0,"7":0,"8":0,"9":0,"10":0,"11":0,"12":0,"13":0,"14":0,"15":0,"16":0,"17":0,"18":0,"19":0,"20":0,"21":0,"22":0,"23":0,"24":0,"25":0,"26":0,"27":0,"28":0,"29":0,"30":0,"31":0,"32":0,"33":0,"34":0,"35":0,"36":0,"37":0,"38":0,"39":0,"40":0,"41":0,"42":0,"43":0,"44":0,"45":0,"46":0,"47":0,"48":0,"49":0,"50":0,"51":0,"52":0,"53":0,"54":0,"55":0,"56":0,"57":0,"58":0},"f":{"0":0,"1":0,"2":0,"3":0,"4":0,"5":0,"6":0},"b":{"0":[0,0],"1":[0,0],"2":[0,0],"3":[0,0],"4":[0,0],"5":[0,0],"6":[0,0]},"_coverageSchema":"1a1c01bbd47fc00a2c39e90264f33305004495a9","hash":"f002a6dbcd9646db962e24b29b77477eba44d891"}
,"C:\\Users\\Kaveesha\\Desktop\\PearlReserve\\Resturent 2\\backend\\controllers\\eventBooking.js": {"path":"C:\\Users\\Kaveesha\\Desktop\\PearlReserve\\Resturent 2\\backend\\controllers\\eventBooking.js","statementMap":{"0":{"start":{"line":1,"column":26},"end":{"line":1,"column":59}},"1":{"start":{"line":2,"column":19},"end":{"line":2,"column":45}},"2":{"start":{"line":4,"column":0},"end":{"line":15,"column":2}},"3":{"start":{"line":21,"column":2},"end":{"line":52,"column":3}},"4":{"start":{"line":23,"column":18},"end":{"line":23,"column":67}},"5":{"start":{"line":25,"column":4},"end":{"line":27,"column":5}},"6":{"start":{"line":26,"column":6},"end":{"line":26,"column":67}},"7":{"start":{"line":30,"column":21},"end":{"line":30,"column":80}},"8":{"start":{"line":33,"column":26},"end":{"line":36,"column":5}},"9":{"start":{"line":34,"column":26},"end":{"line":34,"column":98}},"10":{"start":{"line":39,"column":29},"end":{"line":39,"column":62}},"11":{"start":{"line":42,"column":4},"end":{"line":48,"column":7}},"12":{"start":{"line":50,"column":4},"end":{"line":50,"column":23}},"13":{"start":{"line":51,"column":4},"end":{"line":51,"column":52}},"14":{"start":{"line":59,"column":2},"end":{"line":65,"column":3}},"15":{"start":{"line":60,"column":21},"end":{"line":60,"column":72}},"16":{"start":{"line":61,"column":4},"end":{"line":61,"column":23}},"17":{"start":{"line":63,"column":4},"end":{"line":63,"column":23}},"18":{"start":{"line":64,"column":4},"end":{"line":64,"column":52}},"19":{"start":{"line":72,"column":2},"end":{"line":89,"column":3}},"20":{"start":{"line":74,"column":18},"end":{"line":74,"column":67}},"21":{"start":{"line":76,"column":4},"end":{"line":78,"column":5}},"22":{"start":{"line":77,"column":6},"end":{"line":77,"column":67}},"23":{"start":{"line":80,"column":4},"end":{"line":82,"column":5}},"24":{"start":{"line":81,"column":6},"end":{"line":81,"column":64}},"25":{"start":{"line":84,"column":21},"end":{"line":84,"column":80}},"26":{"start":{"line":85,"column":4},"end":{"line":85,"column":23}},"27":{"start":{"line":87,"column":4},"end":{"line":87,"column":23}},"28":{"start":{"line":88,"column":4},"end":{"line":88,"column":52}},"29":{"start":{"line":96,"column":2},"end":{"line":102,"column":3}},"30":{"start":{"line":97,"column":21},"end":{"line":97,"column":73}},"31":{"start":{"line":98,"column":4},"end":{"line":98,"column":23}},"32":{"start":{"line":100,"column":4},"end":{"line":100,"column":23}},"33":{"start":{"line":101,"column":4},"end":{"line":101,"column":52}},"34":{"start":{"line":109,"column":2},"end":{"line":126,"column":3}},"35":{"start":{"line":110,"column":20},"end":{"line":110,"column":78}},"36":{"start":{"line":112,"column":4},"end":{"line":114,"column":5}},"37":{"start":{"line":113,"column":6},"end":{"line":113,"column":69}},"38":{"start":{"line":117,"column":4},"end":{"line":120,"column":5}},"39":{"start":{"line":119,"column":6},"end":{"line":119,"column":64}},"40":{"start":{"line":122,"column":4},"end":{"line":122,"column":22}},"41":{"start":{"line":124,"column":4},"end":{"line":124,"column":23}},"42":{"start":{"line":125,"column":4},"end":{"line":125,"column":52}},"43":{"start":{"line":133,"column":2},"end":{"line":170,"column":3}},"44":{"start":{"line":134,"column":24},"end":{"line":137,"column":5}},"45":{"start":{"line":140,"column":4},"end":{"line":166,"column":5}},"46":{"start":{"line":141,"column":6},"end":{"line":141,"column":107}},"47":{"start":{"line":144,"column":6},"end":{"line":150,"column":7}},"48":{"start":{"line":147,"column":8},"end":{"line":149,"column":11}},"49":{"start":{"line":153,"column":22},"end":{"line":153,"column":77}},"50":{"start":{"line":156,"column":6},"end":{"line":159,"column":7}},"51":{"start":{"line":158,"column":8},"end":{"line":158,"column":69}},"52":{"start":{"line":161,"column":6},"end":{"line":161,"column":36}},"53":{"start":{"line":164,"column":22},"end":{"line":164,"column":77}},"54":{"start":{"line":165,"column":6},"end":{"line":165,"column":36}},"55":{"start":{"line":168,"column":4},"end":{"line":168,"column":23}},"56":{"start":{"line":169,"column":4},"end":{"line":169,"column":52}},"57":{"start":{"line":177,"column":2},"end":{"line":198,"column":3}},"58":{"start":{"line":178,"column":20},"end":{"line":178,"column":78}},"59":{"start":{"line":180,"column":4},"end":{"line":182,"column":5}},"60":{"start":{"line":181,"column":6},"end":{"line":181,"column":69}},"61":{"start":{"line":185,"column":4},"end":{"line":187,"column":5}},"62":{"start":{"line":186,"column":6},"end":{"line":186,"column":64}},"63":{"start":{"line":190,"column":4},"end":{"line":190,"column":26}},"64":{"start":{"line":191,"column":4},"end":{"line":191,"column":25}},"65":{"start":{"line":193,"column":27},"end":{"line":193,"column":94}},"66":{"start":{"line":194,"column":4},"end":{"line":194,"column":29}},"67":{"start":{"line":196,"column":4},"end":{"line":196,"column":23}},"68":{"start":{"line":197,"column":4},"end":{"line":197,"column":52}},"69":{"start":{"line":205,"column":2},"end":{"line":222,"column":3}},"70":{"start":{"line":206,"column":20},"end":{"line":206,"column":78}},"71":{"start":{"line":208,"column":4},"end":{"line":210,"column":5}},"72":{"start":{"line":209,"column":6},"end":{"line":209,"column":69}},"73":{"start":{"line":213,"column":4},"end":{"line":215,"column":5}},"74":{"start":{"line":214,"column":6},"end":{"line":214,"column":64}},"75":{"start":{"line":217,"column":4},"end":{"line":217,"column":62}},"76":{"start":{"line":218,"column":4},"end":{"line":218,"column":53}},"77":{"start":{"line":220,"column":4},"end":{"line":220,"column":23}},"78":{"start":{"line":221,"column":4},"end":{"line":221,"column":52}},"79":{"start":{"line":229,"column":2},"end":{"line":246,"column":3}},"80":{"start":{"line":230,"column":20},"end":{"line":230,"column":78}},"81":{"start":{"line":232,"column":4},"end":{"line":234,"column":5}},"82":{"start":{"line":233,"column":6},"end":{"line":233,"column":69}},"83":{"start":{"line":237,"column":4},"end":{"line":239,"column":5}},"84":{"start":{"line":238,"column":6},"end":{"line":238,"column":64}},"85":{"start":{"line":241,"column":29},"end":{"line":241,"column":82}},"86":{"start":{"line":242,"column":4},"end":{"line":242,"column":31}},"87":{"start":{"line":244,"column":4},"end":{"line":244,"column":23}},"88":{"start":{"line":245,"column":4},"end":{"line":245,"column":52}},"89":{"start":{"line":253,"column":2},"end":{"line":273,"column":3}},"90":{"start":{"line":254,"column":20},"end":{"line":254,"column":78}},"91":{"start":{"line":256,"column":4},"end":{"line":258,"column":5}},"92":{"start":{"line":257,"column":6},"end":{"line":257,"column":69}},"93":{"start":{"line":261,"column":4},"end":{"line":263,"column":5}},"94":{"start":{"line":262,"column":6},"end":{"line":262,"column":64}},"95":{"start":{"line":265,"column":29},"end":{"line":268,"column":5}},"96":{"start":{"line":269,"column":4},"end":{"line":269,"column":31}},"97":{"start":{"line":271,"column":4},"end":{"line":271,"column":23}},"98":{"start":{"line":272,"column":4},"end":{"line":272,"column":52}}},"fnMap":{"0":{"name":"getEventAvailability","decl":{"start":{"line":20,"column":15},"end":{"line":20,"column":35}},"loc":{"start":{"line":20,"column":46},"end":{"line":53,"column":1}},"line":20},"1":{"name":"(anonymous_1)","decl":{"start":{"line":34,"column":6},"end":{"line":34,"column":7}},"loc":{"start":{"line":34,"column":26},"end":{"line":34,"column":98}},"line":34},"2":{"name":"getAllByUserId","decl":{"start":{"line":58,"column":15},"end":{"line":58,"column":29}},"loc":{"start":{"line":58,"column":40},"end":{"line":66,"column":1}},"line":58},"3":{"name":"getAllByEventId","decl":{"start":{"line":71,"column":15},"end":{"line":71,"column":30}},"loc":{"start":{"line":71,"column":41},"end":{"line":90,"column":1}},"line":71},"4":{"name":"getAllByOwnerId","decl":{"start":{"line":95,"column":15},"end":{"line":95,"column":30}},"loc":{"start":{"line":95,"column":41},"end":{"line":103,"column":1}},"line":95},"5":{"name":"getOneById","decl":{"start":{"line":108,"column":15},"end":{"line":108,"column":25}},"loc":{"start":{"line":108,"column":36},"end":{"line":127,"column":1}},"line":108},"6":{"name":"createEventBooking","decl":{"start":{"line":132,"column":15},"end":{"line":132,"column":33}},"loc":{"start":{"line":132,"column":44},"end":{"line":171,"column":1}},"line":132},"7":{"name":"updateEventBooking","decl":{"start":{"line":176,"column":15},"end":{"line":176,"column":33}},"loc":{"start":{"line":176,"column":44},"end":{"line":199,"column":1}},"line":176},"8":{"name":"deleteEventBooking","decl":{"start":{"line":204,"column":15},"end":{"line":204,"column":33}},"loc":{"start":{"line":204,"column":44},"end":{"line":223,"column":1}},"line":204},"9":{"name":"confirmEventBooking","decl":{"start":{"line":228,"column":15},"end":{"line":228,"column":34}},"loc":{"start":{"line":228,"column":45},"end":{"line":247,"column":1}},"line":228},"10":{"name":"cancelEventBooking","decl":{"start":{"line":252,"column":15},"end":{"line":252,"column":33}},"loc":{"start":{"line":252,"column":44},"end":{"line":274,"column":1}},"line":252}},"branchMap":{"0":{"loc":{"start":{"line":25,"column":4},"end":{"line":27,"column":5}},"type":"if","locations":[{"start":{"line":25,"column":4},"end":{"line":27,"column":5}},{"start":{},"end":{}}],"line":25},"1":{"loc":{"start":{"line":34,"column":26},"end":{"line":34,"column":98}},"type":"cond-expr","locations":[{"start":{"line":34,"column":59},"end":{"line":34,"column":90}},{"start":{"line":34,"column":93},"end":{"line":34,"column":98}}],"line":34},"2":{"loc":{"start":{"line":76,"column":4},"end":{"line":78,"column":5}},"type":"if","locations":[{"start":{"line":76,"column":4},"end":{"line":78,"column":5}},{"start":{},"end":{}}],"line":76},"3":{"loc":{"start":{"line":80,"column":4},"end":{"line":82,"column":5}},"type":"if","locations":[{"start":{"line":80,"column":4},"end":{"line":82,"column":5}},{"start":{},"end":{}}],"line":80},"4":{"loc":{"start":{"line":112,"column":4},"end":{"line":114,"column":5}},"type":"if","locations":[{"start":{"line":112,"column":4},"end":{"line":114,"column":5}},{"start":{},"end":{}}],"line":112},"5":{"loc":{"start":{"line":117,"column":4},"end":{"line":120,"column":5}},"type":"if","locations":[{"start":{"line":117,"column":4},"end":{"line":120,"column":5}},{"start":{},"end":{}}],"line":117},"6":{"loc":{"start":{"line":117,"column":8},"end":{"line":118,"column":54}},"type":"binary-expr","locations":[{"start":{"line":117,"column":8},"end":{"line":117,"column":51}},{"start":{"line":118,"column":8},"end":{"line":118,"column":54}}],"line":117},"7":{"loc":{"start":{"line":140,"column":4},"end":{"line":166,"column":5}},"type":"if","locations":[{"start":{"line":140,"column":4},"end":{"line":166,"column":5}},{"start":{"line":162,"column":11},"end":{"line":166,"column":5}}],"line":140},"8":{"loc":{"start":{"line":144,"column":6},"end":{"line":150,"column":7}},"type":"if","locations":[{"start":{"line":144,"column":6},"end":{"line":150,"column":7}},{"start":{},"end":{}}],"line":144},"9":{"loc":{"start":{"line":144,"column":10},"end":{"line":146,"column":66}},"type":"binary-expr","locations":[{"start":{"line":144,"column":10},"end":{"line":144,"column":51}},{"start":{"line":145,"column":10},"end":{"line":145,"column":51}},{"start":{"line":146,"column":10},"end":{"line":146,"column":66}}],"line":144},"10":{"loc":{"start":{"line":156,"column":6},"end":{"line":159,"column":7}},"type":"if","locations":[{"start":{"line":156,"column":6},"end":{"line":159,"column":7}},{"start":{},"end":{}}],"line":156},"11":{"loc":{"start":{"line":180,"column":4},"end":{"line":182,"column":5}},"type":"if","locations":[{"start":{"line":180,"column":4},"end":{"line":182,"column":5}},{"start":{},"end":{}}],"line":180},"12":{"loc":{"start":{"line":185,"column":4},"end":{"line":187,"column":5}},"type":"if","locations":[{"start":{"line":185,"column":4},"end":{"line":187,"column":5}},{"start":{},"end":{}}],"line":185},"13":{"loc":{"start":{"line":208,"column":4},"end":{"line":210,"column":5}},"type":"if","locations":[{"start":{"line":208,"column":4},"end":{"line":210,"column":5}},{"start":{},"end":{}}],"line":208},"14":{"loc":{"start":{"line":213,"column":4},"end":{"line":215,"column":5}},"type":"if","locations":[{"start":{"line":213,"column":4},"end":{"line":215,"column":5}},{"start":{},"end":{}}],"line":213},"15":{"loc":{"start":{"line":232,"column":4},"end":{"line":234,"column":5}},"type":"if","locations":[{"start":{"line":232,"column":4},"end":{"line":234,"column":5}},{"start":{},"end":{}}],"line":232},"16":{"loc":{"start":{"line":237,"column":4},"end":{"line":239,"column":5}},"type":"if","locations":[{"start":{"line":237,"column":4},"end":{"line":239,"column":5}},{"start":{},"end":{}}],"line":237},"17":{"loc":{"start":{"line":256,"column":4},"end":{"line":258,"column":5}},"type":"if","locations":[{"start":{"line":256,"column":4},"end":{"line":258,"column":5}},{"start":{},"end":{}}],"line":256},"18":{"loc":{"start":{"line":261,"column":4},"end":{"line":263,"column":5}},"type":"if","locations":[{"start":{"line":261,"column":4},"end":{"line":263,"column":5}},{"start":{},"end":{}}],"line":261}},"s":{"0":1,"1":1,"2":1,"3":0,"4":0,"5":0,"6":0,"7":0,"8":0,"9":0,"10":0,"11":0,"12":0,"13":0,"14":0,"15":0,"16":0,"17":0,"18":0,"19":0,"20":0,"21":0,"22":0,"23":0,"24":0,"25":0,"26":0,"27":0,"28":0,"29":0,"30":0,"31":0,"32":0,"33":0,"34":0,"35":0,"36":0,"37":0,"38":0,"39":0,"40":0,"41":0,"42":0,"43":0,"44":0,"45":0,"46":0,"47":0,"48":0,"49":0,"50":0,"51":0,"52":0,"53":0,"54":0,"55":0,"56":0,"57":0,"58":0,"59":0,"60":0,"61":0,"62":0,"63":0,"64":0,"65":0,"66":0,"67":0,"68":0,"69":0,"70":0,"71":0,"72":0,"73":0,"74":0,"75":0,"76":0,"77":0,"78":0,"79":0,"80":0,"81":0,"82":0,"83":0,"84":0,"85":0,"86":0,"87":0,"88":0,"89":0,"90":0,"91":0,"92":0,"93":0,"94":0,"95":0,"96":0,"97":0,"98":0},"f":{"0":0,"1":0,"2":0,"3":0,"4":0,"5":0,"6":0,"7":0,"8":0,"9":0,"10":0},"b":{"0":[0,0],"1":[0,0],"2":[0,0],"3":[0,0],"4":[0,0],"5":[0,0],"6":[0,0],"7":[0,0],"8":[0,0],"9":[0,0,0],"10":[0,0],"11":[0,0],"12":[0,0],"13":[0,0],"14":[0,0],"15":[0,0],"16":[0,0],"17":[0,0],"18":[0,0]},"_coverageSchema":"1a1c01bbd47fc00a2c39e90264f33305004495a9","hash":"915ec7852cf6c8ce023d184a3fb69c22be48a154"}
,"C:\\Users\\Kaveesha\\Desktop\\PearlReserve\\Resturent 2\\backend\\controllers\\restaurant.js": {"path":"C:\\Users\\Kaveesha\\Desktop\\PearlReserve\\Resturent 2\\backend\\controllers\\restaurant.js","statementMap":{"0":{"start":{"line":1,"column":24},"end":{"line":1,"column":55}},"1":{"start":{"line":2,"column":15},"end":{"line":2,"column":32}},"2":{"start":{"line":3,"column":13},"end":{"line":3,"column":28}},"3":{"start":{"line":4,"column":11},"end":{"line":4,"column":24}},"4":{"start":{"line":6,"column":0},"end":{"line":14,"column":2}},"5":{"start":{"line":17,"column":21},"end":{"line":29,"column":2}},"6":{"start":{"line":19,"column":22},"end":{"line":19,"column":50}},"7":{"start":{"line":20,"column":4},"end":{"line":22,"column":5}},"8":{"start":{"line":21,"column":6},"end":{"line":21,"column":51}},"9":{"start":{"line":23,"column":4},"end":{"line":23,"column":24}},"10":{"start":{"line":26,"column":25},"end":{"line":26,"column":75}},"11":{"start":{"line":27,"column":4},"end":{"line":27,"column":77}},"12":{"start":{"line":32,"column":20},"end":{"line":44,"column":2}},"13":{"start":{"line":34,"column":22},"end":{"line":34,"column":44}},"14":{"start":{"line":35,"column":4},"end":{"line":37,"column":5}},"15":{"start":{"line":36,"column":6},"end":{"line":36,"column":51}},"16":{"start":{"line":38,"column":4},"end":{"line":38,"column":24}},"17":{"start":{"line":41,"column":25},"end":{"line":41,"column":75}},"18":{"start":{"line":42,"column":4},"end":{"line":42,"column":71}},"19":{"start":{"line":47,"column":20},"end":{"line":56,"column":1}},"20":{"start":{"line":48,"column":2},"end":{"line":55,"column":3}},"21":{"start":{"line":49,"column":4},"end":{"line":51,"column":5}},"22":{"start":{"line":50,"column":6},"end":{"line":50,"column":67}},"23":{"start":{"line":52,"column":4},"end":{"line":52,"column":19}},"24":{"start":{"line":54,"column":4},"end":{"line":54,"column":20}},"25":{"start":{"line":59,"column":18},"end":{"line":68,"column":1}},"26":{"start":{"line":60,"column":2},"end":{"line":67,"column":3}},"27":{"start":{"line":61,"column":4},"end":{"line":63,"column":5}},"28":{"start":{"line":62,"column":6},"end":{"line":62,"column":65}},"29":{"start":{"line":64,"column":4},"end":{"line":64,"column":19}},"30":{"start":{"line":66,"column":4},"end":{"line":66,"column":20}},"31":{"start":{"line":71,"column":15},"end":{"line":115,"column":2}},"32":{"start":{"line":75,"column":6},"end":{"line":81,"column":7}},"33":{"start":{"line":76,"column":8},"end":{"line":76,"column":49}},"34":{"start":{"line":77,"column":13},"end":{"line":81,"column":7}},"35":{"start":{"line":78,"column":8},"end":{"line":78,"column":43}},"36":{"start":{"line":80,"column":8},"end":{"line":80,"column":51}},"37":{"start":{"line":83,"column":6},"end":{"line":85,"column":7}},"38":{"start":{"line":84,"column":8},"end":{"line":84,"column":53}},"39":{"start":{"line":86,"column":6},"end":{"line":86,"column":26}},"40":{"start":{"line":89,"column":21},"end":{"line":89,"column":74}},"41":{"start":{"line":90,"column":27},"end":{"line":90,"column":77}},"42":{"start":{"line":91,"column":6},"end":{"line":91,"column":72}},"43":{"start":{"line":95,"column":4},"end":{"line":107,"column":5}},"44":{"start":{"line":96,"column":6},"end":{"line":98,"column":7}},"45":{"start":{"line":97,"column":8},"end":{"line":97,"column":69}},"46":{"start":{"line":99,"column":6},"end":{"line":99,"column":21}},"47":{"start":{"line":100,"column":11},"end":{"line":107,"column":5}},"48":{"start":{"line":101,"column":6},"end":{"line":103,"column":7}},"49":{"start":{"line":102,"column":8},"end":{"line":102,"column":67}},"50":{"start":{"line":104,"column":6},"end":{"line":104,"column":21}},"51":{"start":{"line":106,"column":6},"end":{"line":106,"column":47}},"52":{"start":{"line":118,"column":2},"end":{"line":124,"column":3}},"53":{"start":{"line":119,"column":17},"end":{"line":119,"column":67}},"54":{"start":{"line":120,"column":4},"end":{"line":120,"column":36}},"55":{"start":{"line":122,"column":4},"end":{"line":122,"column":23}},"56":{"start":{"line":123,"column":4},"end":{"line":123,"column":52}},"57":{"start":{"line":128,"column":2},"end":{"line":138,"column":3}},"58":{"start":{"line":129,"column":17},"end":{"line":129,"column":75}},"59":{"start":{"line":130,"column":4},"end":{"line":134,"column":5}},"60":{"start":{"line":131,"column":6},"end":{"line":131,"column":43}},"61":{"start":{"line":133,"column":6},"end":{"line":133,"column":21}},"62":{"start":{"line":136,"column":4},"end":{"line":136,"column":23}},"63":{"start":{"line":137,"column":4},"end":{"line":137,"column":52}},"64":{"start":{"line":142,"column":2},"end":{"line":148,"column":3}},"65":{"start":{"line":143,"column":17},"end":{"line":143,"column":74}},"66":{"start":{"line":144,"column":4},"end":{"line":144,"column":19}},"67":{"start":{"line":146,"column":4},"end":{"line":146,"column":23}},"68":{"start":{"line":147,"column":4},"end":{"line":147,"column":52}},"69":{"start":{"line":152,"column":2},"end":{"line":158,"column":3}},"70":{"start":{"line":153,"column":17},"end":{"line":153,"column":78}},"71":{"start":{"line":154,"column":4},"end":{"line":154,"column":19}},"72":{"start":{"line
[...]
umn":2},"end":{"line":129,"column":5}},"45":{"start":{"line":85,"column":4},"end":{"line":85,"column":44}},"46":{"start":{"line":86,"column":4},"end":{"line":86,"column":43}},"47":{"start":{"line":88,"column":4},"end":{"line":103,"column":5}},"48":{"start":{"line":89,"column":6},"end":{"line":89,"column":42}},"49":{"start":{"line":90,"column":6},"end":{"line":94,"column":7}},"50":{"start":{"line":91,"column":8},"end":{"line":93,"column":11}},"51":{"start":{"line":95,"column":6},"end":{"line":99,"column":7}},"52":{"start":{"line":96,"column":8},"end":{"line":98,"column":11}},"53":{"start":{"line":100,"column":6},"end":{"line":102,"column":9}},"54":{"start":{"line":105,"column":4},"end":{"line":110,"column":5}},"55":{"start":{"line":106,"column":6},"end":{"line":106,"column":42}},"56":{"start":{"line":107,"column":6},"end":{"line":109,"column":9}},"57":{"start":{"line":112,"column":4},"end":{"line":117,"column":5}},"58":{"start":{"line":113,"column":6},"end":{"line":113,"column":44}},"59":{"start":{"line":114,"column":6},"end":{"line":116,"column":9}},"60":{"start":{"line":119,"column":4},"end":{"line":126,"column":9}},"61":{"start":{"line":119,"column":86},"end":{"line":126,"column":5}},"62":{"start":{"line":121,"column":29},"end":{"line":125,"column":7}},"63":{"start":{"line":128,"column":4},"end":{"line":128,"column":11}},"64":{"start":{"line":135,"column":0},"end":{"line":135,"column":56}},"65":{"start":{"line":140,"column":0},"end":{"line":144,"column":2}},"66":{"start":{"line":149,"column":0},"end":{"line":153,"column":2}},"67":{"start":{"line":158,"column":0},"end":{"line":158,"column":59}},"68":{"start":{"line":163,"column":0},"end":{"line":168,"column":2}},"69":{"start":{"line":173,"column":0},"end":{"line":177,"column":2}},"70":{"start":{"line":182,"column":0},"end":{"line":186,"column":2}},"71":{"start":{"line":188,"column":0},"end":{"line":188,"column":24}}},"fnMap":{"0":{"name":"(anonymous_0)","decl":{"start":{"line":11,"column":15},"end":{"line":11,"column":16}},"loc":{"start":{"line":11,"column":40},"end":{"line":28,"column":3}},"line":11},"1":{"name":"(anonymous_1)","decl":{"start":{"line":29,"column":12},"end":{"line":29,"column":13}},"loc":{"start":{"line":29,"column":37},"end":{"line":36,"column":3}},"line":29},"2":{"name":"(anonymous_2)","decl":{"start":{"line":39,"column":19},"end":{"line":39,"column":20}},"loc":{"start":{"line":39,"column":38},"end":{"line":57,"column":1}},"line":39},"3":{"name":"(anonymous_3)","decl":{"start":{"line":72,"column":25},"end":{"line":72,"column":26}},"loc":{"start":{"line":72,"column":45},"end":{"line":130,"column":1}},"line":72},"4":{"name":"(anonymous_4)","decl":{"start":{"line":84,"column":19},"end":{"line":84,"column":20}},"loc":{"start":{"line":84,"column":33},"end":{"line":129,"column":3}},"line":84},"5":{"name":"(anonymous_5)","decl":{"start":{"line":119,"column":65},"end":{"line":119,"column":66}},"loc":{"start":{"line":119,"column":86},"end":{"line":126,"column":5}},"line":119},"6":{"name":"(anonymous_6)","decl":{"start":{"line":121,"column":23},"end":{"line":121,"column":24}},"loc":{"start":{"line":121,"column":29},"end":{"line":125,"column":7}},"line":121}},"branchMap":{"0":{"loc":{"start":{"line":14,"column":4},"end":{"line":20,"column":5}},"type":"if","locations":[{"start":{"line":14,"column":4},"end":{"line":20,"column":5}},{"start":{"line":16,"column":11},"end":{"line":20,"column":5}}],"line":14},"1":{"loc":{"start":{"line":16,"column":11},"end":{"line":20,"column":5}},"type":"if","locations":[{"start":{"line":16,"column":11},"end":{"line":20,"column":5}},{"start":{"line":18,"column":11},"end":{"line":20,"column":5}}],"line":16},"2":{"loc":{"start":{"line":23,"column":4},"end":{"line":26,"column":5}},"type":"if","locations":[{"start":{"line":23,"column":4},"end":{"line":26,"column":5}},{"start":{},"end":{}}],"line":23},"3":{"loc":{"start":{"line":31,"column":19},"end":{"line":31,"column":72}},"type":"cond-expr","locations":[{"start":{"line":31,"column":49},"end":{"line":31,"column":62}},{"start":{"line":31,"column":65},"end":{"line":31,"column":72}}],"line":31},"4":{"loc":{"start":{"line":41,"column":2},"end":{"line":53,"column":3}},"type":"if","locations":[{"start":{"line":41,"column":2},"end":{"line":53,"column":3}},{"start":{"line":46,"column":9},"end":{"line":53,"column":3}}],"line":41},"5":{"loc":{"start":{"line":42,"column":4},"end":{"line":45,"column":5}},"type":"if","locations":[{"start":{"line":42,"column":4},"end":{"line":45,"column":5}},{"start":{},"end":{}}],"line":42},"6":{"loc":{"start":{"line":46,"column":9},"end":{"line":53,"column":3}},"type":"if","locations":[{"start":{"line":46,"column":9},"end":{"line":53,"column":3}},{"start":{"line":51,"column":9},"end":{"line":53,"column":3}}],"line":46},"7":{"loc":{"start":{"line":47,"column":4},"end":{"line":50,"column":5}},"type":"if","locations":[{"start":{"line":47,"column":4},"end":{"line":50,"column":5}},{"start":{},"end":{}}],"line":47},"8":{"loc":{"start":{"line":77,"column":2},"end":{"line":82,"column":3}},"type":"if","locations":[{"start":{"line":77,"column":2},"end":{"line":82,"column":3}},{"start":{},"end":{}}],"line":77},"9":{"loc":{"start":{"line":88,"column":4},"end":{"line":103,"column":5}},"type":"if","locations":[{"start":{"line":88,"column":4},"end":{"line":103,"column":5}},{"start":{},"end":{}}],"line":88},"10":{"loc":{"start":{"line":90,"column":6},"end":{"line":94,"column":7}},"type":"if","locations":[{"start":{"line":90,"column":6},"end":{"line":94,"column":7}},{"start":{},"end":{}}],"line":90},"11":{"loc":{"start":{"line":95,"column":6},"end":{"line":99,"column":7}},"type":"if","locations":[{"start":{"line":95,"column":6},"end":{"line":99,"column":7}},{"start":{},"end":{}}],"line":95},"12":{"loc":{"start":{"line":105,"column":4},"end":{"line":110,"column":5}},"type":"if","locations":[{"start":{"line":105,"column":4},"end":{"line":110,"column":5}},{"start":{},"end":{}}],"line":105},"13":{"loc":{"start":{"line":112,"column":4},"end":{"line":117,"column":5}},"type":"if","locations":[{"start":{"line":112,"column":4},"end":{"line":117,"column":5}},{"start":{},"end":{}}],"line":112},"14":{"loc":{"start":{"line":112,"column":8},"end":{"line":112,"column":72}},"type":"binary-expr","locations":[{"start":{"line":112,"column":8},"end":{"line":112,"column":18}},{"start":{"line":112,"column":22},"end":{"line":112,"column":39}},{"start":{"line":112,"column":43},"end":{"line":112,"column":72}}],"line":112}},"s":{"0":1,"1":1,"2":1,"3":1,"4":1,"5":1,"6":1,"7":1,"8":0,"9":0,"10":0,"11":0,"12":0,"13":0,"14":0,"15":0,"16":0,"17":0,"18":0,"19":0,"20":0,"21":0,"22":0,"23":0,"24":1,"25":0,"26":0,"27":0,"28":0,"29":0,"30":0,"31":0,"32":0,"33":0,"34":0,"35":0,"36":0,"37":1,"38":1,"39":0,"40":0,"41":0,"42":0,"43":0,"44":0,"45":0,"46":0,"47":0,"48":0,"49":0,"50":0,"51":0,"52":0,"53":0,"54":0,"55":0,"56":0,"57":0,"58":0,"59":0,"60":0,"61":0,"62":0,"63":0,"64":1,"65":1,"66":1,"67":1,"68":1,"69":1,"70":1,"71":1},"f":{"0":0,"1":0,"2":0,"3":0,"4":0,"5":0,"6":0},"b":{"0":[0,0],"1":[0,0],"2":[0,0],"3":[0,0],"4":[0,0],"5":[0,0],"6":[0,0],"7":[0,0],"8":[0,0],"9":[0,0],"10":[0,0],"11":[0,0],"12":[0,0],"13":[0,0],"14":[0,0,0]},"_coverageSchema":"1a1c01bbd47fc00a2c39e90264f33305004495a9","hash":"c4fe55a6659cb4cbcbd19241a3b56be5ef4e8300"}
,"C:\\Users\\Kaveesha\\Desktop\\PearlReserve\\Resturent 2\\backend\\routes\\review.js": {"path":"C:\\Users\\Kaveesha\\Desktop\\PearlReserve\\Resturent 2\\backend\\routes\\review.js","statementMap":{"0":{"start":{"line":1,"column":16},"end":{"line":1,"column":34}},"1":{"start":{"line":2,"column":15},"end":{"line":2,"column":31}},"2":{"start":{"line":3,"column":15},"end":{"line":3,"column":42}},"3":{"start":{"line":4,"column":13},"end":{"line":4,"column":58}},"4":{"start":{"line":5,"column":19},"end":{"line":5,"column":50}},"5":{"start":{"line":6,"column":17},"end":{"line":6,"column":46}},"6":{"start":{"line":7,"column":16},"end":{"line":7,"column":44}},"7":{"start":{"line":8,"column":14},"end":{"line":8,"column":40}},"8":{"start":{"line":11,"column":28},"end":{"line":47,"column":1}},"9":{"start":{"line":12,"column":2},"end":{"line":46,"column":3}},"10":{"start":{"line":13,"column":21},"end":{"line":13,"column":34}},"11":{"start":{"line":17,"column":4},"end":{"line":30,"column":5}},"12":{"start":{"line":19,"column":8},"end":{"line":19,"column":53}},"13":{"start":{"line":20,"column":8},"end":{"line":20,"column":14}},"14":{"start":{"line":22,"column":8},"end":{"line":22,"column":51}},"15":{"start":{"line":23,"column":8},"end":{"line":23,"column":14}},"16":{"start":{"line":25,"column":8},"end":{"line":25,"column":50}},"17":{"start":{"line":26,"column":8},"end":{"line":26,"column":14}},"18":{"start":{"line":28,"column":8},"end":{"line":28,"column":48}},"19":{"start":{"line":29,"column":8},"end":{"line":29,"column":14}},"20":{"start":{"line":32,"column":4},"end":{"line":34,"column":5}},"21":{"start":{"line":33,"column":6},"end":{"line":33,"column":74}},"22":{"start":{"line":37,"column":20},"end":{"line":40,"column":37}},"23":{"start":{"line":42,"column":4},"end":{"line":42,"column":22}},"24":{"start":{"line":44,"column":4},"end":{"line":44,"column":63}},"25":{"start":{"line":45,"column":4},"end":{"line":45,"column":54}},"26":{"start":{"line":50,"column":30},"end":{"line":104,"column":1}},"27":{"start":{"line":51,"column":2},"end":{"line":103,"column":3}},"28":{"start":{"line":52,"column":42},"end":{"line":52,"column":50}},"29":{"start":{"line":53,"column":21},"end":{"line":53,"column":34}},"30":{"start":{"line":54,"column":19},"end":{"line":54,"column":30}},"31":{"start":{"line":58,"column":4},"end":{"line":71,"column":5}},"32":{"start":{"line":60,"column":8},"end":{"line":60,"column":53}},"33":{"start":{"line":61,"column":8},"end":{"line":61,"column":14}},"34":{"start":{"line":63,"column":8},"end":{"line":63,"column":51}},"35":{"start":{"line":64,"column":8},"end":{"line":64,"column":14}},"36":{"start":{"line":66,"column":8},"end":{"line":66,"column":50}},"37":{"start":{"line":67,"column":8},"end":{"line":67,"column":14}},"38":{"start":{"line":69,"column":8},"end":{"line":69,"column":48}},"39":{"start":{"line":70,"column":8},"end":{"line":70,"column":14}},"40":{"start":{"line":73,"column":4},"end":{"line":75,"column":5}},"41":{"start":{"line":74,"column":6},"end":{"line":74,"column":74}},"42":{"start":{"line":78,"column":27},"end":{"line":81,"column":6}},"43":{"start":{"line":83,"column":4},"end":{"line":85,"column":5}},"44":{"start":{"line":84,"column":6},"end":{"line":84,"column":89}},"45":{"start":{"line":88,"column":22},"end":{"line":95,"column":6}},"46":{"start":{"line":97,"column":4},"end":{"line":97,"column":27}},"47":{"start":{"line":99,"column":4},"end":{"line":99,"column":36}},"48":{"start":{"line":101,"column":4},"end":{"line":101,"column":63}},"49":{"start":{"line":102,"column":4},"end":{"line":102,"column":54}},"50":{"start":{"line":107,"column":0},"end":{"line":109,"column":3}},"51":{"start":{"line":108,"column":2},"end":{"line":108,"column":52}},"52":{"start":{"line":111,"column":0},"end":{"line":113,"column":3}},"53":{"start":{"line":112,"column":2},"end":{"line":112,"column":54}},"54":{"start":{"line":116,"column":0},"end":{"line":118,"column":3}},"55":{"start":{"line":117,"column":2},"end":{"line":117,"column":50}},"56":{"start":{"line":120,"column":0},"end":{"line":122,"column":3}},"57":{"start":{"line":121,"column":2},"end":{"line":121,"column":52}},"58":{"start":{"line":125,"column":0},"end":{"line":127,"column":3}},"59":{"start":{"line":126,"column":2},"end":{"line":126,"column":49}},"60":{"start":{"line":129,"column":0},"end":{"line":131,"column":3}},"61":{"start":{"line":130,"column":2},"end":{"line":130,"column":51}},"62":{"start":{"line":134,"column":0},"end":{"line":136,"column":3}},"63":{"start":{"line":135,"column":2},"end":{"line":135,"column":47}},"64":{"start":{"line":138,"column":0},"end":{"line":140,"column":3}},"65":{"start":{"line":139,"column":2},"end":{"line":139,"column":49}},"66":{"start":{"line":142,"column":0},"end":{"line":142,"column":24}}},"fnMap":{"0":{"name":"(anonymous_0)","decl":{"start":{"line":11,"column":28},"end":{"line":11,"column":29}},"loc":{"start":{"line":11,"column":60},"end":{"line":47,"column":1}},"line":11},"1":{"name":"(anonymous_1)","decl":{"start":{"line":50,"column":30},"end":{"line":50,"column":31}},"loc":{"start":{"line":50,"column":62},"end":{"line":104,"column":1}},"line":50},"2":{"name":"(anonymous_2)","decl":{"start":{"line":107,"column":38},"end":{"line":107,"column":39}},"loc":{"start":{"line":107,"column":58},"end":{"line":109,"column":1}},"line":107},"3":{"name":"(anonymous_3)","decl":{"start":{"line":111,"column":45},"end":{"line":111,"column":46}},"loc":{"start":{"line":111,"column":65},"end":{"line":113,"column":1}},"line":111},"4":{"name":"(anonymous_4)","decl":{"start":{"line":116,"column":38},"end":{"line":116,"column":39}},"loc":{"start":{"line":116,"column":58},"end":{"line":118,"column":1}},"line":116},"5":{"name":"(anonymous_5)","decl":{"start":{"line":120,"column":45},"end":{"line":120,"column":46}},"loc":{"start":{"line":120,"column":65},"end":{"line":122,"column":1}},"line":120},"6":{"name":"(anonymous_6)","decl":{"start":{"line":125,"column":36},"end":{"line":125,"column":37}},"loc":{"start":{"line":125,"column":56},"end":{"line":127,"column":1}},"line":125},"7":{"name":"(anonymous_7)","decl":{"start":{"line":129,"column":43},"end":{"line":129,"column":44}},"loc":{"start":{"line":129,"column":63},"end":{"line":131,"column":1}},"line":129},"8":{"name":"(anonymous_8)","decl":{"start":{"line":134,"column":34},"end":{"line":134,"column":35}},"loc":{"start":{"line":134,"column":54},"end":{"line":136,"column":1}},"line":134},"9":{"name":"(anonymous_9)","decl":{"start":{"line":138,"column":41},"end":{"line":138,"column":42}},"loc":{"start":{"line":138,"column":61},"end":{"line":140,"column":1}},"line":138}},"branchMap":{"0":{"loc":{"start":{"line":17,"column":4},"end":{"line":30,"column":5}},"type":"switch","locations":[{"start":{"line":18,"column":6},"end":{"line":20,"column":14}},{"start":{"line":21,"column":6},"end":{"line":23,"column":14}},{"start":{"line":24,"column":6},"end":{"line":26,"column":14}},{"start":{"line":27,"column":6},"end":{"line":29,"column":14}}],"line":17},"1":{"loc":{"start":{"line":32,"column":4},"end":{"line":34,"column":5}},"type":"if","locations":[{"start":{"line":32,"column":4},"end":{"line":34,"column":5}},{"start":{},"end":{}}],"line":32},"2":{"loc":{"start":{"line":58,"column":4},"end":{"line":71,"column":5}},"type":"switch","locations":[{"start":{"line":59,"column":6},"end":{"line":61,"column":14}},{"start":{"line":62,"column":6},"end":{"line":64,"column":14}},{"start":{"line":65,"column":6},"end":{"line":67,"column":14}},{"start":{"line":68,"column":6},"end":{"line":70,"column":14}}],"line":58},"3":{"loc":{"start":{"line":73,"column":4},"end":{"line":75,"column":5}},"type":"if","locations":[{"start":{"line":73,"column":4},"end":{"line":75,"column":5}},{"start":{},"end":{}}],"line":73},"4":{"loc":{"start":{"line":83,"column":4},"end":{"line":85,"column":5}},"type":"if","locations":[{"start":{"line":83,"column":4},"end":{"line":85,"column":5}},{"start":{},"end":{}}],"line":83}},"s":{"0":1,"1":1,"2":1,"3":1,"4":1,"5":1,"6":1,"7":1,"8":1,"9":0,"10":0,"11":0,"12":0,"13":0,"14":0,"15":0,"16":0,"17":0,"18":0,"19":0,"20":0,"21":0,"22":0,"23":0,"24":0,"25":0,"26":1,"27":0,"28":0,"29":0,"30":0,"31":0,"32":0,"33":0,"34":0,"35":0,"36":0,"37":0,"38":0,"39":0,"40":0,"41":0,"42":0,"43":0,"44":0,"45":0,"46":0,"47":0,"48":0,"49":0,"50":1,"51":0,"52":1,"53":0,"54":1,"55":0,"56":1,"57":0,"58":1,"59":0,"60":1,"61":0,"62":1,"63":0,"64":1,"65":0,"66":1},"f":{"0":0,"1":0,"2":0,"3":0,"4":0,"5":0,"6":0,"7":0,"8":0,"9":0},"b":{"0":[0,0,0,0],"1":[0,0],"2":[0,0,0,0],"3":[0,0],"4":[0,0]},"_coverageSchema":"1a1c01bbd47fc00a2c39e90264f33305004495a9","hash":"9b5bff9fb96dc7188bf3b5a4bc3ec9e48a3031a3"}
,"C:\\Users\\Kaveesha\\Desktop\\PearlReserve\\Resturent 2\\backend\\routes\\service.js": {"path":"C:\\Users\\Kaveesha\\Desktop\\PearlReserve\\Resturent 2\\backend\\routes\\service.js","statementMap":{"0":{"start":{"line":1,"column":16},"end":{"line":1,"column":34}},"1":{"start":{"line":2,"column":15},"end":{"line":2,"column":31}},"2":{"start":{"line":3,"column":19},"end":{"line":3,"column":52}},"3":{"start":{"line":4,"column":27},"end":{"line":4,"column":61}},"4":{"start":{"line":7,"column":0},"end":{"line":7,"column":35}},"5":{"start":{"line":10,"column":0},"end":{"line":10,"column":89}},"6":{"start":{"line":11,"column":0},"end":{"line":11,"column":67}},"7":{"start":{"line":14,"column":0},"end":{"line":14,"column":42}},"8":{"start":{"line":15,"column":0},"end":{"line":15,"column":74}},"9":{"start":{"line":16,"column":0},"end":{"line":16,"column":76}},"10":{"start":{"line":17,"column":0},"end":{"line":17,"column":79}},"11":{"start":{"line":19,"column":0},"end":{"line":19,"column":24}}},"fnMap":{},"branchMap":{},"s":{"0":1,"1":1,"2":1,"3":1,"4":1,"5":1,"6":1,"7":1,"8":1,"9":1,"10":1,"11":1},"f":{},"b":{},"_coverageSchema":"1a1c01bbd47fc00a2c39e90264f33305004495a9","hash":"0b947788012780b75eedb76c6aecf907dc3c2f7a"}
,"C:\\Users\\Kaveesha\\Desktop\\PearlReserve\\Resturent 2\\backend\\routes\\serviceBooking.js": {"path":"C:\\Users\\Kaveesha\\Desktop\\PearlReserve\\Resturent 2\\backend\\routes\\serviceBooking.js","statementMap":{"0":{"start":{"line":1,"column":16},"end":{"line":1,"column":34}},"1":{"start":{"line":2,"column":15},"end":{"line":2,"column":31}},"2":{"start":{"line":3,"column":19},"end":{"line":3,"column":59}},"3":{"start":{"line":4,"column":27},"end":{"line":4,"column":61}},"4":{"start":{"line":8,"column":0},"end":{"line":8,"column":91}},"5":{"start":{"line":9,"column":0},"end":{"line":9,"column":97}},"6":{"start":{"line":10,"column":0},"end":{"line":10,"column":94}},"7":{"start":{"line":11,"column":0},"end":{"line":11,"column":92}},"8":{"start":{"line":14,"column":0},"end":{"line":14,"column":74}},"9":{"start":{"line":15,"column":0},"end":{"line":15,"column":81}},"10":{"start":{"line":16,"column":0},"end":{"line":16,"column":83}},"11":{"start":{"line":17,"column":0},"end":{"line":17,"column":86}},"12":{"start":{"line":20,"column":0},"end":{"line":20,"column":73}},"13":{"start":{"line":22,"column":0},"end":{"line":22,"column":24}}},"fnMap":{},"branchMap":{},"s":{"0":1,"1":1,"2":1,"3":1,"4":1,"5":1,"6":1,"7":1,"8":1,"9":1,"10":1,"11":1,"12":1,"13":1},"f":{},"b":{},"_coverageSchema":"1a1c01bbd47fc00a2c39e90264f33305004495a9","hash":"1924e02e7df51828a4fe20676ae8b6725dd3c71c"}
,"C:\\Users\\Kaveesha\\Desktop\\PearlReserve\\Resturent 2\\backend\\routes\\user.js": {"path":"C:\\Users\\Kaveesha\\Desktop\\PearlReserve\\Resturent 2\\backend\\routes\\user.js","statementMap":{"0":{"start":{"line":1,"column":14},"end":{"line":1,"column":32}},"1":{"start":{"line":2,"column":21},"end":{"line":2,"column":51}},"2":{"start":{"line":3,"column":25},"end":{"line":3,"column":59}},"3":{"start":{"line":4,"column":13},"end":{"line":4,"column":29}},"4":{"start":{"line":6,"column":0},"end":{"line":6,"column":53}},"5":{"start":{"line":7,"column":0},"end":{"line":7,"column":48}},"6":{"start":{"line":8,"column":0},"end":{"line":8,"column":50}},"7":{"start":{"line":9,"column":0},"end":{"line":13,"column":2}},"8":{"start":{"line":14,"column":0},"end":{"line":14,"column":54}},"9":{"start":{"line":17,"column":0},"end":{"line":21,"column":2}},"10":{"start":{"line":24,"column":0},"end":{"line":24,"column":63}},"11":{"start":{"line":25,"column":0},"end":{"line":25,"column":72}},"12":{"start":{"line":26,"column":0},"end":{"line":26,"column":61}},"13":{"start":{"line":29,"column":0},"end":{"line":34,"column":2}},"14":{"start":{"line":36,"column":0},"end":{"line":36,"column":24}}},"fnMap":{},"branchMap":{},"s":{"0":1,"1":1,"2":1,"3":1,"4":1,"5":1,"6":1,"7":1,"8":1,"9":1,"10":1,"11":1,"12":1,"13":1,"14":1},"f":{},"b":{},"_coverageSchema":"1a1c01bbd47fc00a2c39e90264f33305004495a9","hash":"b15704de17a225318b6dc278a3e0a7098c675812"}
}
