TN:
SF:server.js
FN:58,(anonymous_0)
FN:63,(anonymous_1)
FNF:2
FNH:0
FNDA:0,(anonymous_0)
FNDA:0,(anonymous_1)
DA:1,1
DA:2,1
DA:3,1
DA:4,1
DA:5,1
DA:6,1
DA:7,1
DA:8,1
DA:9,1
DA:10,1
DA:11,1
DA:12,1
DA:13,1
DA:14,1
DA:15,1
DA:16,1
DA:17,1
DA:18,1
DA:19,1
DA:20,1
DA:21,1
DA:22,1
DA:23,1
DA:24,1
DA:27,1
DA:30,1
DA:31,1
DA:32,1
DA:33,1
DA:34,1
DA:35,1
DA:36,1
DA:39,1
DA:42,1
DA:43,1
DA:44,1
DA:45,1
DA:46,1
DA:47,1
DA:48,1
DA:49,1
DA:50,1
DA:51,1
DA:52,1
DA:53,1
DA:54,1
DA:55,1
DA:58,1
DA:59,0
DA:63,1
DA:64,0
DA:65,0
DA:66,0
DA:69,1
LF:54
LH:50
BRDA:65,0,0,0
BRDA:65,0,1,0
BRDA:66,1,0,0
BRDA:66,1,1,0
BRF:4
BRH:0
end_of_record
TN:
SF:controllers\activity.js
FN:16,getAll
FN:29,getAllByOwnerId
FN:42,getAllByRestaurantId
FN:55,getOneById
FN:73,createActivity
FN:94,updateActivity
FN:120,deleteActivity
FNF:7
FNH:0
FNDA:0,getAll
FNDA:0,getAllByOwnerId
FNDA:0,getAllByRestaurantId
FNDA:0,getOneById
FNDA:0,createActivity
FNDA:0,updateActivity
FNDA:0,deleteActivity
DA:1,1
DA:3,1
DA:17,0
DA:18,0
DA:19,0
DA:21,0
DA:22,0
DA:30,0
DA:31,0
DA:32,0
DA:34,0
DA:35,0
DA:43,0
DA:44,0
DA:45,0
DA:47,0
DA:48,0
DA:56,0
DA:57,0
DA:59,0
DA:60,0
DA:63,0
DA:65,0
DA:66,0
DA:74,0
DA:75,0
DA:76,0
DA:79,0
DA:84,0
DA:86,0
DA:87,0
DA:95,0
DA:97,0
DA:99,0
DA:100,0
DA:104,0
DA:105,0
DA:109,0
DA:110,0
DA:112,0
DA:113,0
DA:121,0
DA:123,0
DA:125,0
DA:126,0
DA:130,0
DA:131,0
DA:135,0
DA:136,0
DA:138,0
DA:139,0
LF:51
LH:2
BRDA:59,0,0,0
BRDA:59,0,1,0
BRDA:99,1,0,0
BRDA:99,1,1,0
BRDA:104,2,0,0
BRDA:104,2,1,0
BRDA:125,3,0,0
BRDA:125,3,1,0
BRDA:130,4,0,0
BRDA:130,4,1,0
BRF:10
BRH:0
end_of_record
TN:
SF:controllers\activityBooking.js
FN:19,getAllByUserId
FN:32,getAllByActivityId
FN:56,getAllByOwnerId
FN:69,getOneById
FN:93,createActivityBooking
FN:111,updateActivityBooking
FN:139,deleteActivityBooking
FN:163,confirmActivityBooking
FN:187,cancelActivityBooking
FNF:9
FNH:0
FNDA:0,getAllByUserId
FNDA:0,getAllByActivityId
FNDA:0,getAllByOwnerId
FNDA:0,getOneById
FNDA:0,createActivityBooking
FNDA:0,updateActivityBooking
FNDA:0,deleteActivityBooking
FNDA:0,confirmActivityBooking
FNDA:0,cancelActivityBooking
DA:1,1
DA:2,1
DA:4,1
DA:20,0
DA:21,0
DA:22,0
DA:24,0
DA:25,0
DA:33,0
DA:35,0
DA:37,0
DA:38,0
DA:41,0
DA:42,0
DA:45,0
DA:46,0
DA:48,0
DA:49,0
DA:57,0
DA:58,0
DA:59,0
DA:61,0
DA:62,0
DA:70,0
DA:71,0
DA:73,0
DA:74,0
DA:78,0
DA:80,0
DA:83,0
DA:85,0
DA:86,0
DA:94,0
DA:95,0
DA:100,0
DA:101,0
DA:103,0
DA:104,0
DA:112,0
DA:113,0
DA:115,0
DA:116,0
DA:120,0
DA:121,0
DA:125,0
DA:126,0
DA:128,0
DA:129,0
DA:131,0
DA:132,0
DA:140,0
DA:141,0
DA:143,0
DA:144,0
DA:148,0
DA:149,0
DA:152,0
DA:153,0
DA:155,0
DA:156,0
DA:164,0
DA:165,0
DA:167,0
DA:168,0
DA:172,0
DA:173,0
DA:176,0
DA:177,0
DA:179,0
DA:180,0
DA:188,0
DA:189,0
DA:191,0
DA:192,0
DA:196,0
DA:197,0
DA:200,0
DA:204,0
DA:206,0
DA:207,0
LF:80
LH:3
BRDA:37,0,0,0
BRDA:37,0,1,0
BRDA:41,1,0,0
BRDA:41,1,1,0
BRDA:73,2,0,0
BRDA:73,2,1,0
BRDA:78,3,0,0
BRDA:78,3,1,0
BRDA:78,4,0,0
BRDA:78,4,1,0
BRDA:115,5,0,0
BRDA:115,5,1,0
BRDA:120,6,0,0
BRDA:120,6,1,0
BRDA:143,7,0,0
BRDA:143,7,1,0
BRDA:148,8,0,0
BRDA:148,8,1,0
BRDA:167,9,0,0
BRDA:167,9,1,0
BRDA:172,10,0,0
BRDA:172,10,1,0
BRDA:191,11,0,0
BRDA:191,11,1,0
BRDA:196,12,0,0
BRDA:196,12,1,0
BRF:26
BRH:0
end_of_record
TN:
SF:controllers\admin.js
FN:17,getDashboardStats
FN:107,calculateAveragePrice
FN:132,calculateTotalRevenue
FNF:3
FNH:0
FNDA:0,getDashboardStats
FNDA:0,calculateAveragePrice
FNDA:0,calculateTotalRevenue
DA:1,1
DA:2,1
DA:3,1
DA:4,1
DA:5,1
DA:6,1
DA:8,1
DA:18,0
DA:20,0
DA:21,0
DA:22,0
DA:23,0
DA:24,0
DA:25,0
DA:26,0
DA:29,0
DA:30,0
DA:31,0
DA:34,0
DA:40,0
DA:45,0
DA:50,0
DA:55,0
DA:62,0
DA:65,0
DA:91,0
DA:93,0
DA:94,0
DA:108,0
DA:109,0
DA:121,0
DA:123,0
DA:124,0
DA:133,0
DA:137,0
DA:152,0
DA:154,0
DA:155,0
LF:38
LH:7
BRDA:62,0,0,0
BRDA:62,0,1,0
BRDA:121,1,0,0
BRDA:121,1,1,0
BRDA:152,2,0,0
BRDA:152,2,1,0
BRF:6
BRH:0
end_of_record
TN:
SF:controllers\booking.js
FN:21,getAllByUserId
FN:29,getAllByRestaurantId
FN:62,getAllBySpecificRestaurantId
FN:72,(anonymous_3)
FN:102,getOneById
FN:116,createBooking
FN:163,updateBooking
FN:214,deleteBooking
FN:245,approveBooking
FN:272,(anonymous_9)
FN:314,rejectBooking
FN:324,(anonymous_11)
FN:365,validateInput
FNF:13
FNH:0
FNDA:0,getAllByUserId
FNDA:0,getAllByRestaurantId
FNDA:0,getAllBySpecificRestaurantId
FNDA:0,(anonymous_3)
FNDA:0,getOneById
FNDA:0,createBooking
FNDA:0,updateBooking
FNDA:0,deleteBooking
FNDA:0,approveBooking
FNDA:0,(anonymous_9)
FNDA:0,rejectBooking
FNDA:0,(anonymous_11)
FNDA:0,validateInput
DA:1,1
DA:2,1
DA:3,1
DA:4,1
DA:6,1
DA:22,0
DA:23,0
DA:31,0
DA:32,0
DA:33,0
DA:36,0
DA:37,0
DA:40,0
DA:41,0
DA:46,0
DA:47,0
DA:48,0
DA:51,0
DA:56,0
DA:63,0
DA:65,0
DA:66,0
DA:67,0
DA:71,0
DA:72,0
DA:74,0
DA:75,0
DA:78,0
DA:79,0
DA:80,0
DA:83,0
DA:88,0
DA:90,0
DA:91,0
DA:94,0
DA:95,0
DA:104,0
DA:105,0
DA:106,0
DA:107,0
DA:110,0
DA:117,0
DA:119,0
DA:121,0
DA:123,0
DA:126,0
DA:129,0
DA:130,0
DA:131,0
DA:135,0
DA:139,0
DA:141,0
DA:144,0
DA:145,0
DA:156,0
DA:164,0
DA:166,0
DA:168,0
DA:169,0
DA:170,0
DA:174,0
DA:175,0
DA:176,0
DA:180,0
DA:183,0
DA:184,0
DA:185,0
DA:189,0
DA:190,0
DA:192,0
DA:195,0
DA:196,0
DA:207,0
DA:216,0
DA:217,0
DA:218,0
DA:219,0
DA:222,0
DA:223,0
DA:224,0
DA:226,0
DA:229,0
DA:230,0
DA:238,0
DA:246,0
DA:248,0
DA:249,0
DA:250,0
DA:254,0
DA:255,0
DA:256,0
DA:260,0
DA:265,0
DA:266,0
DA:267,0
DA:271,0
DA:272,0
DA:274,0
DA:275,0
DA:279,0
DA:284,0
DA:285,0
DA:286,0
DA:288,0
DA:298,0
DA:300,0
DA:304,0
DA:306,0
DA:307,0
DA:315,0
DA:317,0
DA:318,0
DA:319,0
DA:323,0
DA:324,0
DA:326,0
DA:327,0
DA:331,0
DA:332,0
DA:336,0
DA:342,0
DA:343,0
DA:355,0
DA:358,0
DA:360,0
DA:361,0
DA:366,0
DA:367,0
DA:370,0
DA:371,0
DA:373,0
DA:374,0
DA:376,0
DA:377,0
DA:380,0
DA:381,0
DA:383,0
DA:384,0
DA:386,0
DA:390,0
DA:391,0
DA:393,0
DA:398,0
DA:399,0
DA:402,0
DA:403,0
LF:146
LH:5
BRDA:32,0,0,0
BRDA:32,0,1,0
BRDA:36,1,0,0
BRDA:36,1,1,0
BRDA:40,2,0,0
BRDA:40,2,1,0
BRDA:46,3,0,0
BRDA:46,3,1,0
BRDA:46,4,0,0
BRDA:46,4,1,0
BRDA:66,5,0,0
BRDA:66,5,1,0
BRDA:74,6,0,0
BRDA:74,6,1,0
BRDA:78,7,0,0
BRDA:78,7,1,0
BRDA:78,8,0,0
BRDA:78,8,1,0
BRDA:79,9,0,0
BRDA:79,9,1,0
BRDA:106,10,0,0
BRDA:106,10,1,0
BRDA:126,11,0,0
BRDA:126,11,1,0
BRDA:130,12,0,0
BRDA:130,12,1,0
BRDA:169,13,0,0
BRDA:169,13,1,0
BRDA:175,14,0,0
BRDA:175,14,1,0
BRDA:184,15,0,0
BRDA:184,15,1,0
BRDA:218,16,0,0
BRDA:218,16,1,0
BRDA:249,17,0,0
BRDA:249,17,1,0
BRDA:254,18,0,0
BRDA:254,18,1,0
BRDA:254,19,0,0
BRDA:254,19,1,0
BRDA:254,19,2,0
BRDA:260,20,0,0
BRDA:260,20,1,0
BRDA:261,21,0,0
BRDA:261,21,1,0
BRDA:261,22,0,0
BRDA:261,22,1,0
BRDA:265,23,0,0
BRDA:265,23,1,0
BRDA:274,24,0,0
BRDA:274,24,1,0
BRDA:318,25,0,0
BRDA:318,25,1,0
BRDA:326,26,0,0
BRDA:326,26,1,0
BRDA:331,27,0,0
BRDA:331,27,1,0
BRDA:331,28,0,0
BRDA:331,28,1,0
BRDA:338,29,0,0
BRDA:338,29,1,0
BRDA:351,30,0,0
BRDA:351,30,1,0
BRDA:370,31,0,0
BRDA:370,31,1,0
BRDA:373,32,0,0
BRDA:373,32,1,0
BRDA:376,33,0,0
BRDA:376,33,1,0
BRDA:380,34,0,0
BRDA:380,34,1,0
BRDA:383,35,0,0
BRDA:383,35,1,0
BRDA:390,36,0,0
BRDA:390,36,1,0
BRDA:398,37,0,0
BRDA:398,37,1,0
BRDA:402,38,0,0
BRDA:402,38,1,0
BRF:79
BRH:0
end_of_record
TN:
SF:controllers\contactController.js
FN:8,(anonymous_0)
FN:52,(anonymous_1)
FNF:2
FNH:0
FNDA:0,(anonymous_0)
FNDA:0,(anonymous_1)
DA:1,1
DA:8,1
DA:9,0
DA:10,0
DA:13,0
DA:14,0
DA:21,0
DA:30,0
DA:32,0
DA:38,0
DA:39,0
DA:52,1
DA:53,0
DA:54,0
DA:56,0
DA:62,0
DA:63,0
LF:17
LH:3
BRDA:13,0,0,0
BRDA:13,0,1,0
BRDA:13,1,0,0
BRDA:13,1,1,0
BRDA:13,1,2,0
BRDA:13,1,3,0
BRF:6
BRH:0
end_of_record
TN:
SF:controllers\event.js
FN:17,getAll
FN:30,getAllByOwnerId
FN:43,getAllByRestaurantId
FN:56,getOneById
FN:74,createEvent
FN:108,updateEvent
FN:134,deleteEvent
FNF:7
FNH:0
FNDA:0,getAll
FNDA:0,getAllByOwnerId
FNDA:0,getAllByRestaurantId
FNDA:0,getOneById
FNDA:0,createEvent
FNDA:0,updateEvent
FNDA:0,deleteEvent
DA:1,1
DA:2,1
DA:4,1
DA:18,0
DA:19,0
DA:20,0
DA:22,0
DA:23,0
DA:31,0
DA:32,0
DA:33,0
DA:35,0
DA:36,0
DA:44,0
DA:45,0
DA:46,0
DA:48,0
DA:49,0
DA:57,0
DA:58,0
DA:60,0
DA:61,0
DA:64,0
DA:66,0
DA:67,0
DA:75,0
DA:76,0
DA:77,0
DA:80,0
DA:82,0
DA:83,0
DA:84,0
DA:87,0
DA:88,0
DA:89,0
DA:93,0
DA:98,0
DA:100,0
DA:101,0
DA:109,0
DA:111,0
DA:113,0
DA:114,0
DA:118,0
DA:119,0
DA:123,0
DA:124,0
DA:126,0
DA:127,0
DA:135,0
DA:137,0
DA:139,0
DA:140,0
DA:144,0
DA:145,0
DA:149,0
DA:150,0
DA:152,0
DA:153,0
LF:59
LH:3
BRDA:60,0,0,0
BRDA:60,0,1,0
BRDA:82,1,0,0
BRDA:82,1,1,0
BRDA:87,2,0,0
BRDA:87,2,1,0
BRDA:113,3,0,0
BRDA:113,3,1,0
BRDA:118,4,0,0
BRDA:118,4,1,0
BRDA:139,5,0,0
BRDA:139,5,1,0
BRDA:144,6,0,0
BRDA:144,6,1,0
BRF:14
BRH:0
end_of_record
TN:
SF:controllers\eventBooking.js
FN:20,getEventAvailability
FN:34,(anonymous_1)
FN:58,getAllByUserId
FN:71,getAllByEventId
FN:95,getAllByOwnerId
FN:108,getOneById
FN:132,createEventBooking
FN:176,updateEventBooking
FN:204,deleteEventBooking
FN:228,confirmEventBooking
FN:252,cancelEventBooking
FNF:11
FNH:0
FNDA:0,getEventAvailability
FNDA:0,(anonymous_1)
FNDA:0,getAllByUserId
FNDA:0,getAllByEventId
FNDA:0,getAllByOwnerId
FNDA:0,getOneById
FNDA:0,createEventBooking
FNDA:0,updateEventBooking
FNDA:0,deleteEventBooking
FNDA:0,confirmEventBooking
FNDA:0,cancelEventBooking
DA:1,1
DA:2,1
DA:4,1
DA:21,0
DA:23,0
DA:25,0
DA:26,0
DA:30,0
DA:33,0
DA:34,0
DA:39,0
DA:42,0
DA:50,0
DA:51,0
DA:59,0
DA:60,0
DA:61,0
DA:63,0
DA:64,0
DA:72,0
DA:74,0
DA:76,0
DA:77,0
DA:80,0
DA:81,0
DA:84,0
DA:85,0
DA:87,0
DA:88,0
DA:96,0
DA:97,0
DA:98,0
DA:100,0
DA:101,0
DA:109,0
DA:110,0
DA:112,0
DA:113,0
DA:117,0
DA:119,0
DA:122,0
DA:124,0
DA:125,0
DA:133,0
DA:134,0
DA:140,0
DA:141,0
DA:144,0
DA:147,0
DA:153,0
DA:156,0
DA:158,0
DA:161,0
DA:164,0
DA:165,0
DA:168,0
DA:169,0
DA:177,0
DA:178,0
DA:180,0
DA:181,0
DA:185,0
DA:186,0
DA:190,0
DA:191,0
DA:193,0
DA:194,0
DA:196,0
DA:197,0
DA:205,0
DA:206,0
DA:208,0
DA:209,0
DA:213,0
DA:214,0
DA:217,0
DA:218,0
DA:220,0
DA:221,0
DA:229,0
DA:230,0
DA:232,0
DA:233,0
DA:237,0
DA:238,0
DA:241,0
DA:242,0
DA:244,0
DA:245,0
DA:253,0
DA:254,0
DA:256,0
DA:257,0
DA:261,0
DA:262,0
DA:265,0
DA:269,0
DA:271,0
DA:272,0
LF:99
LH:3
BRDA:25,0,0,0
BRDA:25,0,1,0
BRDA:34,1,0,0
BRDA:34,1,1,0
BRDA:76,2,0,0
BRDA:76,2,1,0
BRDA:80,3,0,0
BRDA:80,3,1,0
BRDA:112,4,0,0
BRDA:112,4,1,0
BRDA:117,5,0,0
BRDA:117,5,1,0
BRDA:117,6,0,0
BRDA:117,6,1,0
BRDA:140,7,0,0
BRDA:140,7,1,0
BRDA:144,8,0,0
BRDA:144,8,1,0
BRDA:144,9,0,0
BRDA:144,9,1,0
BRDA:144,9,2,0
BRDA:156,10,0,0
BRDA:156,10,1,0
BRDA:180,11,0,0
BRDA:180,11,1,0
BRDA:185,12,0,0
BRDA:185,12,1,0
BRDA:208,13,0,0
BRDA:208,13,1,0
BRDA:213,14,0,0
BRDA:213,14,1,0
BRDA:232,15,0,0
BRDA:232,15,1,0
BRDA:237,16,0,0
BRDA:237,16,1,0
BRDA:256,17,0,0
BRDA:256,17,1,0
BRDA:261,18,0,0
BRDA:261,18,1,0
BRF:39
BRH:0
end_of_record
TN:
SF:controllers\restaurant.js
FN:18,(anonymous_0)
FN:25,(anonymous_1)
FN:33,(anonymous_2)
FN:40,(anonymous_3)
FN:47,(anonymous_4)
FN:59,(anonymous_5)
FN:73,(anonymous_6)
FN:88,(anonymous_7)
FN:94,(anonymous_8)
FN:117,getAllRestaurants
FN:127,getRestaurant
FN:141,getRestaurantByOwnerId
FN:151,getAllRestaurantsByOwnerId
FN:161,createRestaurant
FN:170,(anonymous_14)
FN:190,(anonymous_15)
FN:221,(anonymous_16)
FN:239,editRestaurant
FN:245,(anonymous_18)
FN:297,deleteRestaurant
FNF:20
FNH:0
FNDA:0,(anonymous_0)
FNDA:0,(anonymous_1)
FNDA:0,(anonymous_2)
FNDA:0,(anonymous_3)
FNDA:0,(anonymous_4)
FNDA:0,(anonymous_5)
FNDA:0,(anonymous_6)
FNDA:0,(anonymous_7)
FNDA:0,(anonymous_8)
FNDA:0,getAllRestaurants
FNDA:0,getRestaurant
FNDA:0,getRestaurantByOwnerId
FNDA:0,getAllRestaurantsByOwnerId
FNDA:0,createRestaurant
FNDA:0,(anonymous_14)
FNDA:0,(anonymous_15)
FNDA:0,(anonymous_16)
FNDA:0,editRestaurant
FNDA:0,(anonymous_18)
FNDA:0,deleteRestaurant
DA:1,1
DA:2,1
DA:3,1
DA:4,1
DA:6,1
DA:17,1
DA:19,0
DA:20,0
DA:21,0
DA:23,0
DA:26,0
DA:27,0
DA:32,1
DA:34,0
DA:35,0
DA:36,0
DA:38,0
DA:41,0
DA:42,0
DA:47,1
DA:48,0
DA:49,0
DA:50,0
DA:52,0
DA:54,0
DA:59,1
DA:60,0
DA:61,0
DA:62,0
DA:64,0
DA:66,0
DA:71,1
DA:75,0
DA:76,0
DA:77,0
DA:78,0
DA:80,0
DA:83,0
DA:84,0
DA:86,0
DA:89,0
DA:90,0
DA:91,0
DA:95,0
DA:96,0
DA:97,0
DA:99,0
DA:100,0
DA:101,0
DA:102,0
DA:104,0
DA:106,0
DA:118,0
DA:119,0
DA:120,0
DA:122,0
DA:123,0
DA:128,0
DA:129,0
DA:130,0
DA:131,0
DA:133,0
DA:136,0
DA:137,0
DA:142,0
DA:143,0
DA:144,0
DA:146,0
DA:147,0
DA:152,0
DA:153,0
DA:154,0
DA:156,0
DA:157,0
DA:162,0
DA:163,0
DA:164,0
DA:170,0
DA:173,0
DA:174,0
DA:175,0
DA:179,0
DA:182,0
DA:183,0
DA:184,0
DA:185,0
DA:190,0
DA:191,0
DA:193,0
DA:195,0
DA:199,0
DA:212,0
DA:214,0
DA:215,0
DA:217,0
DA:219,0
DA:220,0
DA:221,0
DA:222,0
DA:223,0
DA:224,0
DA:228,0
DA:229,0
DA:230,0
DA:231,0
DA:235,0
DA:240,0
DA:241,0
DA:242,0
DA:244,0
DA:245,0
DA:246,0
DA:247,0
DA:253,0
DA:254,0
DA:257,0
DA:259,0
DA:260,0
DA:261,0
DA:262,0
DA:263,0
DA:268,0
DA:271,0
DA:276,0
DA:277,0
DA:283,0
DA:289,0
DA:298,0
DA:299,0
DA:300,0
DA:302,0
DA:303,0
DA:304,0
DA:307,0
DA:308,0
LF:135
LH:10
BRDA:20,0,0,0
BRDA:20,0,1,0
BRDA:35,1,0,0
BRDA:35,1,1,0
BRDA:48,2,0,0
BRDA:48,2,1,0
BRDA:49,3,0,0
BRDA:49,3,1,0
BRDA:60,4,0,0
BRDA:60,4,1,0
BRDA:61,5,0,0
BRDA:61,5,1,0
BRDA:75,6,0,0
BRDA:75,6,1,0
BRDA:77,7,0,0
BRDA:77,7,1,0
BRDA:83,8,0,0
BRDA:83,8,1,0
BRDA:89,9,0,0
BRDA:89,9,1,0
BRDA:95,10,0,0
BRDA:95,10,1,0
BRDA:96,11,0,0
BRDA:96,11,1,0
BRDA:100,12,0,0
BRDA:100,12,1,0
BRDA:101,13,0,0
BRDA:101,13,1,0
BRDA:130,14,0,0
BRDA:130,14,1,0
BRDA:174,15,0,0
BRDA:174,15,1,0
BRDA:174,16,0,0
BRDA:174,16,1,0
BRDA:179,17,0,0
BRDA:179,17,1,0
BRDA:184,18,0,0
BRDA:184,18,1,0
BRDA:191,19,0,0
BRDA:191,19,1,0
BRDA:206,20,0,0
BRDA:206,20,1,0
BRDA:219,21,0,0
BRDA:219,21,1,0
BRDA:220,22,0,0
BRDA:220,22,1,0
BRDA:223,23,0,0
BRDA:223,23,1,0
BRDA:228,24,0,0
BRDA:228,24,1,0
BRDA:228,25,0,0
BRDA:228,25,1,0
BRDA:230,26,0,0
BRDA:230,26,1,0
BRDA:241,27,0,0
BRDA:241,27,1,0
BRDA:241,28,0,0
BRDA:241,28,1,0
BRDA:246,29,0,0
BRDA:246,29,1,0
BRDA:257,30,0,0
BRDA:257,30,1,0
BRDA:260,31,0,0
BRDA:260,31,1,0
BRDA:262,32,0,0
BRDA:262,32,1,0
BRDA:276,33,0,0
BRDA:276,33,1,0
BRDA:299,34,0,0
BRDA:299,34,1,0
BRDA:299,35,0,0
BRDA:299,35,1,0
BRF:72
BRH:0
end_of_record
TN:
SF:controllers\service.js
FN:16,getAll
FN:29,getAllByOwnerId
FN:42,getAllByRestaurantId
FN:55,getOneById
FN:73,createService
FN:91,updateService
FN:117,deleteService
FNF:7
FNH:0
FNDA:0,getAll
FNDA:0,getAllByOwnerId
FNDA:0,getAllByRestaurantId
FNDA:0,getOneById
FNDA:0,createService
FNDA:0,updateService
FNDA:0,deleteService
DA:1,1
DA:3,1
DA:17,0
DA:18,0
DA:19,0
DA:21,0
DA:22,0
DA:30,0
DA:31,0
DA:32,0
DA:34,0
DA:35,0
DA:43,0
DA:44,0
DA:45,0
DA:47,0
DA:48,0
DA:56,0
DA:57,0
DA:59,0
DA:60,0
DA:63,0
DA:65,0
DA:66,0
DA:74,0
DA:76,0
DA:81,0
DA:83,0
DA:84,0
DA:92,0
DA:94,0
DA:96,0
DA:97,0
DA:101,0
DA:102,0
DA:106,0
DA:107,0
DA:109,0
DA:110,0
DA:118,0
DA:120,0
DA:122,0
DA:123,0
DA:127,0
DA:128,0
DA:132,0
DA:133,0
DA:135,0
DA:136,0
LF:49
LH:2
BRDA:59,0,0,0
BRDA:59,0,1,0
BRDA:96,1,0,0
BRDA:96,1,1,0
BRDA:101,2,0,0
BRDA:101,2,1,0
BRDA:122,3,0,0
BRDA:122,3,1,0
BRDA:127,4,0,0
BRDA:127,4,1,0
BRF:10
BRH:0
end_of_record
TN:
SF:controllers\serviceBooking.js
FN:19,getAllByUserId
FN:39,getAllByServiceId
FN:63,getAllByOwnerId
FN:76,getOneById
FN:100,createServiceBooking
FN:118,updateServiceBooking
FN:141,deleteServiceBooking
FN:165,confirmServiceBooking
FN:189,cancelServiceBooking
FNF:9
FNH:0
FNDA:0,getAllByUserId
FNDA:0,getAllByServiceId
FNDA:0,getAllByOwnerId
FNDA:0,getOneById
FNDA:0,createServiceBooking
FNDA:0,updateServiceBooking
FNDA:0,deleteServiceBooking
FNDA:0,confirmServiceBooking
FNDA:0,cancelServiceBooking
DA:1,1
DA:2,1
DA:4,1
DA:20,0
DA:22,0
DA:23,0
DA:25,0
DA:28,0
DA:29,0
DA:31,0
DA:32,0
DA:40,0
DA:42,0
DA:44,0
DA:45,0
DA:48,0
DA:49,0
DA:52,0
DA:53,0
DA:55,0
DA:56,0
DA:64,0
DA:65,0
DA:66,0
DA:68,0
DA:69,0
DA:77,0
DA:78,0
DA:80,0
DA:81,0
DA:85,0
DA:87,0
DA:90,0
DA:92,0
DA:93,0
DA:101,0
DA:102,0
DA:107,0
DA:108,0
DA:110,0
DA:111,0
DA:119,0
DA:120,0
DA:122,0
DA:123,0
DA:127,0
DA:128,0
DA:130,0
DA:131,0
DA:133,0
DA:134,0
DA:142,0
DA:143,0
DA:145,0
DA:146,0
DA:150,0
DA:151,0
DA:154,0
DA:155,0
DA:157,0
DA:158,0
DA:166,0
DA:167,0
DA:169,0
DA:170,0
DA:174,0
DA:175,0
DA:178,0
DA:179,0
DA:181,0
DA:182,0
DA:190,0
DA:191,0
DA:193,0
DA:194,0
DA:198,0
DA:199,0
DA:202,0
DA:206,0
DA:208,0
DA:209,0
LF:81
LH:3
BRDA:22,0,0,0
BRDA:22,0,1,0
BRDA:22,1,0,0
BRDA:22,1,1,0
BRDA:44,2,0,0
BRDA:44,2,1,0
BRDA:48,3,0,0
BRDA:48,3,1,0
BRDA:80,4,0,0
BRDA:80,4,1,0
BRDA:85,5,0,0
BRDA:85,5,1,0
BRDA:85,6,0,0
BRDA:85,6,1,0
BRDA:122,7,0,0
BRDA:122,7,1,0
BRDA:145,8,0,0
BRDA:145,8,1,0
BRDA:150,9,0,0
BRDA:150,9,1,0
BRDA:169,10,0,0
BRDA:169,10,1,0
BRDA:174,11,0,0
BRDA:174,11,1,0
BRDA:193,12,0,0
BRDA:193,12,1,0
BRDA:198,13,0,0
BRDA:198,13,1,0
BRF:28
BRH:0
end_of_record
TN:
SF:controllers\user.js
FN:19,getUsers
FN:28,getAllUsers
FN:43,getLoginDetails
FN:56,loginUser
FN:70,createUser
FN:85,logoutUser
FN:94,checkAdmin
FN:140,updateUser
FN:154,(anonymous_8)
FN:174,forgotPassword
FN:224,validateResetToken
FN:251,resetPassword
FNF:12
FNH:0
FNDA:0,getUsers
FNDA:0,getAllUsers
FNDA:0,getLoginDetails
FNDA:0,loginUser
FNDA:0,createUser
FNDA:0,logoutUser
FNDA:0,checkAdmin
FNDA:0,updateUser
FNDA:0,(anonymous_8)
FNDA:0,forgotPassword
FNDA:0,validateResetToken
FNDA:0,resetPassword
DA:1,1
DA:2,1
DA:3,1
DA:5,1
DA:20,0
DA:21,0
DA:22,0
DA:24,0
DA:29,0
DA:31,0
DA:32,0
DA:35,0
DA:36,0
DA:38,0
DA:39,0
DA:44,0
DA:45,0
DA:46,0
DA:47,0
DA:48,0
DA:50,0
DA:52,0
DA:57,0
DA:58,0
DA:59,0
DA:60,0
DA:61,0
DA:62,0
DA:64,0
DA:66,0
DA:71,0
DA:72,0
DA:73,0
DA:74,0
DA:75,0
DA:76,0
DA:78,0
DA:80,0
DA:81,0
DA:86,0
DA:87,0
DA:88,0
DA:90,0
DA:95,0
DA:97,0
DA:99,0
DA:101,0
DA:102,0
DA:103,0
DA:107,0
DA:108,0
DA:113,0
DA:114,0
DA:115,0
DA:118,0
DA:128,0
DA:129,0
DA:130,0
DA:132,0
DA:135,0
DA:136,0
DA:141,0
DA:143,0
DA:144,0
DA:147,0
DA:154,0
DA:155,0
DA:156,0
DA:160,0
DA:162,0
DA:163,0
DA:166,0
DA:168,0
DA:169,0
DA:175,0
DA:176,0
DA:178,0
DA:179,0
DA:183,0
DA:185,0
DA:187,0
DA:193,0
DA:196,0
DA:198,0
DA:200,0
DA:209,0
DA:214,0
DA:218,0
DA:219,0
DA:225,0
DA:226,0
DA:228,0
DA:229,0
DA:231,0
DA:232,0
DA:235,0
DA:237,0
DA:239,0
DA:240,0
DA:243,0
DA:245,0
DA:246,0
DA:252,0
DA:253,0
DA:255,0
DA:256,0
DA:259,0
DA:260,0
DA:263,0
DA:265,0
DA:266,0
DA:270,0
DA:271,0
DA:272,0
DA:275,0
DA:284,0
DA:286,0
DA:287,0
LF:118
LH:4
BRDA:31,0,0,0
BRDA:31,0,1,0
BRDA:31,1,0,0
BRDA:31,1,1,0
BRDA:46,2,0,0
BRDA:46,2,1,0
BRDA:60,3,0,0
BRDA:60,3,1,0
BRDA:74,4,0,0
BRDA:74,4,1,0
BRDA:99,5,0,0
BRDA:99,5,1,0
BRDA:101,6,0,0
BRDA:101,6,1,0
BRDA:129,7,0,0
BRDA:129,7,1,0
BRDA:143,8,0,0
BRDA:143,8,1,0
BRDA:143,9,0,0
BRDA:143,9,1,0
BRDA:155,10,0,0
BRDA:155,10,1,0
BRDA:162,11,0,0
BRDA:162,11,1,0
BRDA:178,12,0,0
BRDA:178,12,1,0
BRDA:185,13,0,0
BRDA:185,13,1,0
BRDA:193,14,0,0
BRDA:193,14,1,0
BRDA:203,15,0,0
BRDA:203,15,1,0
BRDA:229,16,0,0
BRDA:229,16,1,0
BRDA:231,17,0,0
BRDA:231,17,1,0
BRDA:239,18,0,0
BRDA:239,18,1,0
BRDA:255,19,0,0
BRDA:255,19,1,0
BRDA:255,20,0,0
BRDA:255,20,1,0
BRDA:259,21,0,0
BRDA:259,21,1,0
BRDA:265,22,0,0
BRDA:265,22,1,0
BRDA:271,23,0,0
BRDA:271,23,1,0
BRDA:278,24,0,0
BRDA:278,24,1,0
BRF:50
BRH:0
end_of_record
TN:
SF:daos\activity.js
FNF:0
FNH:0
DA:1,1
DA:2,1
DA:4,1
DA:46,1
LF:4
LH:4
BRF:0
BRH:0
end_of_record
TN:
SF:daos\activityBooking.js
FNF:0
FNH:0
DA:1,1
DA:2,1
DA:4,1
DA:48,1
LF:4
LH:4
BRF:0
BRH:0
end_of_record
TN:
SF:daos\booking.js
FNF:0
FNH:0
DA:1,1
DA:2,1
DA:4,1
DA:44,1
LF:4
LH:4
BRF:0
BRH:0
end_of_record
TN:
SF:daos\event.js
FNF:0
FNH:0
DA:1,1
DA:2,1
DA:4,1
DA:58,1
LF:4
LH:4
BRF:0
BRH:0
end_of_record
TN:
SF:daos\eventBooking.js
FNF:0
FNH:0
DA:1,1
DA:2,1
DA:4,1
DA:67,1
LF:4
LH:4
BRF:0
BRH:0
end_of_record
TN:
SF:daos\restaurant.js
FN:45,(anonymous_0)
FN:122,(anonymous_1)
FNF:2
FNH:0
FNDA:0,(anonymous_0)
FNDA:0,(anonymous_1)
DA:1,1
DA:2,1
DA:27,1
DA:46,0
DA:122,1
DA:123,0
DA:124,0
DA:128,1
LF:8
LH:5
BRF:0
BRH:0
end_of_record
TN:
SF:daos\service.js
FNF:0
FNH:0
DA:1,1
DA:2,1
DA:4,1
DA:45,1
LF:4
LH:4
BRF:0
BRH:0
end_of_record
TN:
SF:daos\serviceBooking.js
FNF:0
FNH:0
DA:1,1
DA:2,1
DA:4,1
DA:52,1
LF:4
LH:4
BRF:0
BRH:0
end_of_record
TN:
SF:daos\user.js
FNF:0
FNH:0
DA:1,1
DA:2,1
DA:4,1
DA:54,1
LF:4
LH:4
BRF:0
BRH:0
end_of_record
TN:
SF:models\activity.js
FN:13,getAll
FN:17,getAllByOwnerId
FN:26,getAllByRestaurantId
FN:32,getActivityById
FN:36,createActivity
FN:41,updateActivity
FN:46,deleteActivity
FNF:7
FNH:0
FNDA:0,getAll
FNDA:0,getAllByOwnerId
FNDA:0,getAllByRestaurantId
FNDA:0,getActivityById
FNDA:0,createActivity
FNDA:0,updateActivity
FNDA:0,deleteActivity
DA:1,1
DA:3,1
DA:14,0
DA:18,0
DA:29,0
DA:33,0
DA:37,0
DA:38,0
DA:42,0
DA:47,0
LF:10
LH:2
BRF:0
BRH:0
end_of_record
TN:
SF:models\activityBooking.js
FN:17,getAllByUserId
FN:27,getAllByActivityId
FN:37,getAllByOwnerId
FN:41,(anonymous_3)
FN:53,getActivityBookingById
FN:63,createActivityBooking
FN:75,(anonymous_6)
FN:96,(anonymous_7)
FN:114,updateActivityBooking
FN:122,deleteActivityBooking
FN:130,confirmBooking
FN:142,cancelBooking
FNF:12
FNH:0
FNDA:0,getAllByUserId
FNDA:0,getAllByActivityId
FNDA:0,getAllByOwnerId
FNDA:0,(anonymous_3)
FNDA:0,getActivityBookingById
FNDA:0,createActivityBooking
FNDA:0,(anonymous_6)
FNDA:0,(anonymous_7)
FNDA:0,updateActivityBooking
FNDA:0,deleteActivityBooking
FNDA:0,confirmBooking
FNDA:0,cancelBooking
DA:1,1
DA:2,1
DA:3,1
DA:5,1
DA:18,0
DA:19,0
DA:23,0
DA:28,0
DA:29,0
DA:33,0
DA:38,0
DA:40,0
DA:41,0
DA:44,0
DA:49,0
DA:54,0
DA:55,0
DA:59,0
DA:64,0
DA:66,0
DA:67,0
DA:68,0
DA:72,0
DA:73,0
DA:75,0
DA:76,0
DA:77,0
DA:78,0
DA:81,0
DA:82,0
DA:86,0
DA:95,0
DA:96,0
DA:99,0
DA:100,0
DA:104,0
DA:107,0
DA:108,0
DA:110,0
DA:115,0
DA:116,0
DA:118,0
DA:123,0
DA:124,0
DA:126,0
DA:131,0
DA:132,0
DA:138,0
DA:143,0
DA:144,0
DA:153,0
LF:51
LH:4
BRDA:67,0,0,0
BRDA:67,0,1,0
BRDA:81,1,0,0
BRDA:81,1,1,0
BRDA:99,2,0,0
BRDA:99,2,1,0
BRF:6
BRH:0
end_of_record
TN:
SF:models\booking.js
FN:13,getAllByUserId
FN:22,filterAllByRestaurantId
FN:38,getAllByRestaurantId
FN:50,getOneById
FN:56,createBooking
FN:61,updateBooking
FN:68,deleteBooking
FNF:7
FNH:0
FNDA:0,getAllByUserId
FNDA:0,filterAllByRestaurantId
FNDA:0,getAllByRestaurantId
FNDA:0,getOneById
FNDA:0,createBooking
FNDA:0,updateBooking
FNDA:0,deleteBooking
DA:1,1
DA:3,1
DA:14,0
DA:23,0
DA:39,0
DA:51,0
DA:57,0
DA:58,0
DA:62,0
DA:69,0
LF:10
LH:2
BRF:0
BRH:0
end_of_record
TN:
SF:models\contact.js
FNF:0
FNH:0
DA:1,1
DA:2,1
DA:4,1
DA:40,1
LF:4
LH:4
BRF:0
BRH:0
end_of_record
TN:
SF:models\event.js
FN:13,getAll
FN:17,getAllByOwnerId
FN:26,getAllByRestaurantId
FN:34,getEventById
FN:38,createEvent
FN:43,updateEvent
FN:49,deleteEvent
FNF:7
FNH:0
FNDA:0,getAll
FNDA:0,getAllByOwnerId
FNDA:0,getAllByRestaurantId
FNDA:0,getEventById
FNDA:0,createEvent
FNDA:0,updateEvent
FNDA:0,deleteEvent
DA:1,1
DA:3,1
DA:14,0
DA:18,0
DA:27,0
DA:35,0
DA:39,0
DA:40,0
DA:44,0
DA:50,0
LF:10
LH:2
BRF:0
BRH:0
end_of_record
TN:
SF:models\eventBooking.js
FN:17,getAllByUserId
FN:27,getAllByEventId
FN:37,getAllByOwnerId
FN:41,(anonymous_3)
FN:53,getEventBookingById
FN:63,createEventBooking
FN:78,(anonymous_6)
FN:105,updateEventBooking
FN:113,deleteEventBooking
FN:121,confirmBooking
FN:133,cancelBooking
FNF:11
FNH:0
FNDA:0,getAllByUserId
FNDA:0,getAllByEventId
FNDA:0,getAllByOwnerId
FNDA:0,(anonymous_3)
FNDA:0,getEventBookingById
FNDA:0,createEventBooking
FNDA:0,(anonymous_6)
FNDA:0,updateEventBooking
FNDA:0,deleteEventBooking
FNDA:0,confirmBooking
FNDA:0,cancelBooking
DA:1,1
DA:2,1
DA:3,1
DA:5,1
DA:18,0
DA:19,0
DA:23,0
DA:28,0
DA:29,0
DA:33,0
DA:38,0
DA:40,0
DA:41,0
DA:44,0
DA:49,0
DA:54,0
DA:55,0
DA:59,0
DA:64,0
DA:66,0
DA:67,0
DA:68,0
DA:72,0
DA:77,0
DA:78,0
DA:81,0
DA:82,0
DA:86,0
DA:89,0
DA:91,0
DA:92,0
DA:93,0
DA:98,0
DA:99,0
DA:101,0
DA:106,0
DA:107,0
DA:109,0
DA:114,0
DA:115,0
DA:117,0
DA:122,0
DA:123,0
DA:129,0
DA:134,0
DA:135,0
DA:144,0
LF:47
LH:4
BRDA:67,0,0,0
BRDA:67,0,1,0
BRDA:81,1,0,0
BRDA:81,1,1,0
BRDA:89,2,0,0
BRDA:89,2,1,0
BRDA:91,3,0,0
BRDA:91,3,1,0
BRF:8
BRH:0
end_of_record
TN:
SF:models\restaurant.js
FN:17,getAllRestaurants
FN:21,getRestaurantById
FN:26,getRestaurantByOwnerId
FN:31,getAllRestaurantsByOwnerId
FN:36,createRestaurant
FN:40,editRestaurant
FN:47,deleteRestaurant
FNF:7
FNH:0
FNDA:0,getAllRestaurants
FNDA:0,getRestaurantById
FNDA:0,getRestaurantByOwnerId
FNDA:0,getAllRestaurantsByOwnerId
FNDA:0,createRestaurant
FNDA:0,editRestaurant
FNDA:0,deleteRestaurant
DA:2,1
DA:4,1
DA:18,0
DA:22,0
DA:23,0
DA:27,0
DA:28,0
DA:32,0
DA:33,0
DA:37,0
DA:41,0
DA:44,0
DA:48,0
DA:49,0
LF:14
LH:2
BRF:0
BRH:0
end_of_record
TN:
SF:models\review.js
FN:36,(anonymous_0)
FN:69,(anonymous_1)
FN:96,(anonymous_2)
FNF:3
FNH:0
FNDA:0,(anonymous_0)
FNDA:0,(anonymous_1)
FNDA:0,(anonymous_2)
DA:1,1
DA:2,1
DA:4,1
DA:37,0
DA:38,0
DA:60,1
DA:64,1
DA:66,1
DA:69,1
DA:70,0
DA:71,0
DA:73,0
DA:74,0
DA:77,0
DA:78,0
DA:79,0
DA:82,0
DA:85,0
DA:86,0
DA:88,0
DA:91,0
DA:96,1
DA:98,0
DA:101,1
LF:24
LH:9
BRDA:37,0,0,0
BRDA:37,0,1,0
BRDA:78,1,0,0
BRDA:78,1,1,0
BRF:4
BRH:0
end_of_record
TN:
SF:models\service.js
FN:13,getAll
FN:17,getAllByOwnerId
FN:26,getAllByRestaurantId
FN:32,getServiceById
FN:36,createService
FN:41,updateService
FN:46,deleteService
FNF:7
FNH:0
FNDA:0,getAll
FNDA:0,getAllByOwnerId
FNDA:0,getAllByRestaurantId
FNDA:0,getServiceById
FNDA:0,createService
FNDA:0,updateService
FNDA:0,deleteService
DA:1,1
DA:3,1
DA:14,0
DA:18,0
DA:29,0
DA:33,0
DA:37,0
DA:38,0
DA:42,0
DA:47,0
LF:10
LH:2
BRF:0
BRH:0
end_of_record
TN:
SF:models\serviceBooking.js
FN:17,getAllByUserId
FN:27,getAllByServiceId
FN:37,getAllByOwnerId
FN:47,(anonymous_3)
FN:69,(anonymous_4)
FN:106,getServiceBookingById
FN:116,createServiceBooking
FN:141,(anonymous_7)
FN:175,updateServiceBooking
FN:183,deleteServiceBooking
FN:191,confirmBooking
FN:203,cancelBooking
FNF:12
FNH:0
FNDA:0,getAllByUserId
FNDA:0,getAllByServiceId
FNDA:0,getAllByOwnerId
FNDA:0,(anonymous_3)
FNDA:0,(anonymous_4)
FNDA:0,getServiceBookingById
FNDA:0,createServiceBooking
FNDA:0,(anonymous_7)
FNDA:0,updateServiceBooking
FNDA:0,deleteServiceBooking
FNDA:0,confirmBooking
FNDA:0,cancelBooking
DA:1,1
DA:2,1
DA:3,1
DA:5,1
DA:18,0
DA:19,0
DA:23,0
DA:28,0
DA:29,0
DA:33,0
DA:38,0
DA:39,0
DA:42,0
DA:43,0
DA:45,0
DA:47,0
DA:57,0
DA:58,0
DA:60,0
DA:61,0
DA:65,0
DA:66,0
DA:69,0
DA:70,0
DA:73,0
DA:78,0
DA:82,0
DA:83,0
DA:86,0
DA:87,0
DA:88,0
DA:89,0
DA:90,0
DA:91,0
DA:93,0
DA:99,0
DA:101,0
DA:102,0
DA:107,0
DA:108,0
DA:112,0
DA:117,0
DA:119,0
DA:120,0
DA:121,0
DA:125,0
DA:128,0
DA:129,0
DA:131,0
DA:141,0
DA:142,0
DA:143,0
DA:144,0
DA:146,0
DA:147,0
DA:148,0
DA:151,0
DA:152,0
DA:153,0
DA:154,0
DA:157,0
DA:160,0
DA:161,0
DA:165,0
DA:168,0
DA:169,0
DA:171,0
DA:176,0
DA:177,0
DA:179,0
DA:184,0
DA:185,0
DA:187,0
DA:192,0
DA:193,0
DA:199,0
DA:204,0
DA:205,0
DA:214,0
LF:79
LH:4
BRDA:45,0,0,0
BRDA:45,0,1,0
BRDA:60,1,0,0
BRDA:60,1,1,0
BRDA:60,2,0,0
BRDA:60,2,1,0
BRDA:82,3,0,0
BRDA:82,3,1,0
BRDA:82,4,0,0
BRDA:82,4,1,0
BRDA:88,5,0,0
BRDA:88,5,1,0
BRDA:90,6,0,0
BRDA:90,6,1,0
BRDA:120,7,0,0
BRDA:120,7,1,0
BRDA:157,8,0,0
BRDA:157,8,1,0
BRDA:160,9,0,0
BRDA:160,9,1,0
BRF:20
BRH:0
end_of_record
TN:
SF:models\user.js
FN:18,getUsers
FN:22,getUserByEmail
FN:30,getLoginDetails
FN:49,loginUser
FN:129,createUser
FN:138,logoutUser
FN:150,updateUser
FN:161,generateResetToken
FN:200,validateResetToken
FN:228,resetPassword
FNF:10
FNH:0
FNDA:0,getUsers
FNDA:0,getUserByEmail
FNDA:0,getLoginDetails
FNDA:0,loginUser
FNDA:0,createUser
FNDA:0,logoutUser
FNDA:0,updateUser
FNDA:0,generateResetToken
FNDA:0,validateResetToken
FNDA:0,resetPassword
DA:1,1
DA:2,1
DA:3,1
DA:5,1
DA:19,0
DA:23,0
DA:24,0
DA:26,0
DA:31,0
DA:32,0
DA:34,0
DA:37,0
DA:38,0
DA:40,0
DA:50,0
DA:51,0
DA:53,0
DA:54,0
DA:58,0
DA:59,0
DA:60,0
DA:61,0
DA:66,0
DA:74,0
DA:75,0
DA:79,0
DA:89,0
DA:94,0
DA:95,0
DA:96,0
DA:100,0
DA:104,0
DA:108,0
DA:109,0
DA:112,0
DA:120,0
DA:121,0
DA:122,0
DA:126,0
DA:130,0
DA:131,0
DA:132,0
DA:134,0
DA:135,0
DA:139,0
DA:140,0
DA:142,0
DA:146,0
DA:151,0
DA:152,0
DA:153,0
DA:155,0
DA:156,0
DA:162,0
DA:163,0
DA:164,0
DA:165,0
DA:169,0
DA:170,0
DA:172,0
DA:173,0
DA:174,0
DA:177,0
DA:185,0
DA:194,0
DA:195,0
DA:201,0
DA:202,0
DA:203,0
DA:205,0
DA:210,0
DA:211,0
DA:212,0
DA:213,0
DA:216,0
DA:217,0
DA:220,0
DA:222,0
DA:223,0
DA:229,0
DA:231,0
DA:232,0
DA:233,0
DA:236,0
DA:239,0
DA:240,0
DA:241,0
DA:250,0
DA:261,0
DA:263,0
DA:264,0
LF:91
LH:4
BRDA:31,0,0,0
BRDA:31,0,1,0
BRDA:37,1,0,0
BRDA:37,1,1,0
BRDA:50,2,0,0
BRDA:50,2,1,0
BRDA:53,3,0,0
BRDA:53,3,1,0
BRDA:58,4,0,0
BRDA:58,4,1,0
BRDA:60,5,0,0
BRDA:60,5,1,0
BRDA:74,6,0,0
BRDA:74,6,1,0
BRDA:108,7,0,0
BRDA:108,7,1,0
BRDA:108,8,0,0
BRDA:108,8,1,0
BRDA:116,9,0,0
BRDA:116,9,1,0
BRDA:131,10,0,0
BRDA:131,10,1,0
BRDA:139,11,0,0
BRDA:139,11,1,0
BRDA:164,12,0,0
BRDA:164,12,1,0
BRDA:203,13,0,0
BRDA:203,13,1,0
BRDA:210,14,0,0
BRDA:210,14,1,0
BRDA:211,15,0,0
BRDA:211,15,1,0
BRDA:216,16,0,0
BRDA:216,16,1,0
BRDA:232,17,0,0
BRDA:232,17,1,0
BRF:36
BRH:0
end_of_record
TN:
SF:routes\activity.js
FNF:0
FNH:0
DA:1,1
DA:2,1
DA:3,1
DA:4,1
DA:7,1
DA:10,1
DA:11,1
DA:14,1
DA:15,1
DA:16,1
DA:17,1
DA:19,1
LF:12
LH:12
BRF:0
BRH:0
end_of_record
TN:
SF:routes\activityBooking.js
FNF:0
FNH:0
DA:1,1
DA:2,1
DA:3,1
DA:4,1
DA:7,1
DA:8,1
DA:9,1
DA:10,1
DA:13,1
DA:14,1
DA:15,1
DA:16,1
DA:19,1
DA:21,1
LF:14
LH:14
BRF:0
BRH:0
end_of_record
TN:
SF:routes\admin.js
FNF:0
FNH:0
DA:1,1
DA:2,1
DA:3,1
DA:4,1
DA:7,1
DA:10,1
DA:12,1
LF:7
LH:7
BRF:0
BRH:0
end_of_record
TN:
SF:routes\booking.js
FNF:0
FNH:0
DA:1,1
DA:2,1
DA:3,1
DA:4,1
DA:9,1
DA:18,1
DA:27,1
DA:36,1
DA:41,1
DA:50,1
DA:55,1
DA:64,1
DA:73,1
DA:79,1
LF:14
LH:14
BRF:0
BRH:0
end_of_record
TN:
SF:routes\contact.js
FNF:0
FNH:0
DA:1,1
DA:2,1
DA:3,1
DA:6,1
DA:9,1
DA:11,1
LF:6
LH:6
BRF:0
BRH:0
end_of_record
TN:
SF:routes\event.js
FNF:0
FNH:0
DA:1,1
DA:2,1
DA:3,1
DA:4,1
DA:7,1
DA:10,1
DA:11,1
DA:14,1
DA:15,1
DA:16,1
DA:17,1
DA:19,1
LF:12
LH:12
BRF:0
BRH:0
end_of_record
TN:
SF:routes\eventBooking.js
FNF:0
FNH:0
DA:1,1
DA:2,1
DA:3,1
DA:4,1
DA:7,1
DA:10,1
DA:11,1
DA:12,1
DA:13,1
DA:16,1
DA:17,1
DA:18,1
DA:19,1
DA:22,1
DA:24,1
LF:15
LH:15
BRF:0
BRH:0
end_of_record
TN:
SF:routes\index.js
FN:5,(anonymous_0)
FNF:1
FNH:0
FNDA:0,(anonymous_0)
DA:1,1
DA:2,1
DA:5,1
DA:6,0
DA:9,1
LF:5
LH:4
BRF:0
BRH:0
end_of_record
TN:
SF:routes\proxyRoutes.js
FN:10,(anonymous_0)
FN:26,(anonymous_1)
FN:61,(anonymous_2)
FNF:3
FNH:0
FNDA:0,(anonymous_0)
FNDA:0,(anonymous_1)
FNDA:0,(anonymous_2)
DA:1,1
DA:2,1
DA:3,1
DA:4,1
DA:5,1
DA:10,1
DA:11,0
DA:26,1
DA:27,0
DA:28,0
DA:31,0
DA:32,0
DA:37,0
DA:40,0
DA:45,0
DA:48,0
DA:50,0
DA:51,0
DA:61,1
DA:62,0
DA:63,0
DA:64,0
DA:67,0
DA:68,0
DA:71,0
DA:72,0
DA:75,0
DA:76,0
DA:81,0
DA:82,0
DA:86,0
DA:98,0
DA:104,0
DA:105,0
DA:108,0
DA:109,0
DA:110,0
DA:112,0
DA:113,0
DA:114,0
DA:116,0
DA:121,0
DA:122,0
DA:126,0
DA:128,0
DA:129,0
DA:130,0
DA:132,0
DA:135,0
DA:137,0
DA:140,0
DA:141,0
DA:143,0
DA:144,0
DA:145,0
DA:146,0
DA:148,0
DA:150,0
DA:151,0
DA:152,0
DA:157,0
DA:160,0
DA:161,0
DA:164,0
DA:169,0
DA:171,0
DA:172,0
DA:178,0
DA:185,1
LF:69
LH:9
BRDA:14,0,0,0
BRDA:14,0,1,0
BRDA:31,1,0,0
BRDA:31,1,1,0
BRDA:31,2,0,0
BRDA:31,2,1,0
BRDA:67,3,0,0
BRDA:67,3,1,0
BRDA:71,4,0,0
BRDA:71,4,1,0
BRDA:75,5,0,0
BRDA:75,5,1,0
BRDA:75,6,0,0
BRDA:75,6,1,0
BRDA:81,7,0,0
BRDA:81,7,1,0
BRDA:88,8,0,0
BRDA:88,8,1,0
BRDA:104,9,0,0
BRDA:104,9,1,0
BRDA:109,10,0,0
BRDA:109,10,1,0
BRDA:140,11,0,0
BRDA:140,11,1,0
BRDA:140,12,0,0
BRDA:140,12,1,0
BRDA:150,13,0,0
BRDA:150,13,1,0
BRDA:171,14,0,0
BRDA:171,14,1,0
BRF:30
BRH:0
end_of_record
TN:
SF:routes\restaurant.js
FN:11,(anonymous_0)
FN:29,(anonymous_1)
FN:39,(anonymous_2)
FN:72,(anonymous_3)
FN:84,(anonymous_4)
FN:119,(anonymous_5)
FN:121,(anonymous_6)
FNF:7
FNH:0
FNDA:0,(anonymous_0)
FNDA:0,(anonymous_1)
FNDA:0,(anonymous_2)
FNDA:0,(anonymous_3)
FNDA:0,(anonymous_4)
FNDA:0,(anonymous_5)
FNDA:0,(anonymous_6)
DA:1,1
DA:2,1
DA:3,1
DA:4,1
DA:5,1
DA:6,1
DA:7,1
DA:10,1
DA:12,0
DA:14,0
DA:15,0
DA:16,0
DA:17,0
DA:19,0
DA:23,0
DA:24,0
DA:25,0
DA:27,0
DA:30,0
DA:31,0
DA:32,0
DA:33,0
DA:34,0
DA:35,0
DA:39,1
DA:40,0
DA:41,0
DA:42,0
DA:43,0
DA:44,0
DA:46,0
DA:47,0
DA:48,0
DA:49,0
DA:52,0
DA:55,0
DA:56,0
DA:60,1
DA:72,1
DA:73,0
DA:74,0
DA:77,0
DA:78,0
DA:79,0
DA:84,0
DA:85,0
DA:86,0
DA:88,0
DA:89,0
DA:90,0
DA:91,0
DA:95,0
DA:96,0
DA:100,0
DA:105,0
DA:106,0
DA:107,0
DA:112,0
DA:113,0
DA:114,0
DA:119,0
DA:121,0
DA:128,0
DA:135,1
DA:140,1
DA:149,1
DA:158,1
DA:163,1
DA:173,1
DA:182,1
DA:188,1
LF:71
LH:19
BRDA:14,0,0,0
BRDA:14,0,1,0
BRDA:16,1,0,0
BRDA:16,1,1,0
BRDA:23,2,0,0
BRDA:23,2,1,0
BRDA:31,3,0,0
BRDA:31,3,1,0
BRDA:41,4,0,0
BRDA:41,4,1,0
BRDA:42,5,0,0
BRDA:42,5,1,0
BRDA:46,6,0,0
BRDA:46,6,1,0
BRDA:47,7,0,0
BRDA:47,7,1,0
BRDA:77,8,0,0
BRDA:77,8,1,0
BRDA:88,9,0,0
BRDA:88,9,1,0
BRDA:90,10,0,0
BRDA:90,10,1,0
BRDA:95,11,0,0
BRDA:95,11,1,0
BRDA:105,12,0,0
BRDA:105,12,1,0
BRDA:112,13,0,0
BRDA:112,13,1,0
BRDA:112,14,0,0
BRDA:112,14,1,0
BRDA:112,14,2,0
BRF:31
BRH:0
end_of_record
TN:
SF:routes\review.js
FN:11,(anonymous_0)
FN:50,(anonymous_1)
FN:107,(anonymous_2)
FN:111,(anonymous_3)
FN:116,(anonymous_4)
FN:120,(anonymous_5)
FN:125,(anonymous_6)
FN:129,(anonymous_7)
FN:134,(anonymous_8)
FN:138,(anonymous_9)
FNF:10
FNH:0
FNDA:0,(anonymous_0)
FNDA:0,(anonymous_1)
FNDA:0,(anonymous_2)
FNDA:0,(anonymous_3)
FNDA:0,(anonymous_4)
FNDA:0,(anonymous_5)
FNDA:0,(anonymous_6)
FNDA:0,(anonymous_7)
FNDA:0,(anonymous_8)
FNDA:0,(anonymous_9)
DA:1,1
DA:2,1
DA:3,1
DA:4,1
DA:5,1
DA:6,1
DA:7,1
DA:8,1
DA:11,1
DA:12,0
DA:13,0
DA:17,0
DA:19,0
DA:20,0
DA:22,0
DA:23,0
DA:25,0
DA:26,0
DA:28,0
DA:29,0
DA:32,0
DA:33,0
DA:37,0
DA:42,0
DA:44,0
DA:45,0
DA:50,1
DA:51,0
DA:52,0
DA:53,0
DA:54,0
DA:58,0
DA:60,0
DA:61,0
DA:63,0
DA:64,0
DA:66,0
DA:67,0
DA:69,0
DA:70,0
DA:73,0
DA:74,0
DA:78,0
DA:83,0
DA:84,0
DA:88,0
DA:97,0
DA:99,0
DA:101,0
DA:102,0
DA:107,1
DA:108,0
DA:111,1
DA:112,0
DA:116,1
DA:117,0
DA:120,1
DA:121,0
DA:125,1
DA:126,0
DA:129,1
DA:130,0
DA:134,1
DA:135,0
DA:138,1
DA:139,0
DA:142,1
LF:67
LH:19
BRDA:17,0,0,0
BRDA:17,0,1,0
BRDA:17,0,2,0
BRDA:17,0,3,0
BRDA:32,1,0,0
BRDA:32,1,1,0
BRDA:58,2,0,0
BRDA:58,2,1,0
BRDA:58,2,2,0
BRDA:58,2,3,0
BRDA:73,3,0,0
BRDA:73,3,1,0
BRDA:83,4,0,0
BRDA:83,4,1,0
BRF:14
BRH:0
end_of_record
TN:
SF:routes\service.js
FNF:0
FNH:0
DA:1,1
DA:2,1
DA:3,1
DA:4,1
DA:7,1
DA:10,1
DA:11,1
DA:14,1
DA:15,1
DA:16,1
DA:17,1
DA:19,1
LF:12
LH:12
BRF:0
BRH:0
end_of_record
TN:
SF:routes\serviceBooking.js
FNF:0
FNH:0
DA:1,1
DA:2,1
DA:3,1
DA:4,1
DA:8,1
DA:9,1
DA:10,1
DA:11,1
DA:14,1
DA:15,1
DA:16,1
DA:17,1
DA:20,1
DA:22,1
LF:14
LH:14
BRF:0
BRH:0
end_of_record
TN:
SF:routes\user.js
FNF:0
FNH:0
DA:1,1
DA:2,1
DA:3,1
DA:4,1
DA:6,1
DA:7,1
DA:8,1
DA:9,1
DA:14,1
DA:17,1
DA:24,1
DA:25,1
DA:26,1
DA:29,1
DA:36,1
LF:15
LH:15
BRF:0
BRH:0
end_of_record
